[1.467s] Invoking command in '/home/keenan/Documents/rice_device/ros2_ws/src/bno055-0.3.0': PYTHONPATH=/home/keenan/Documents/rice_device/ros2_ws/build/bno055/prefix_override:/home/keenan/Documents/rice_device/ros2_ws/install/bno055/lib/python3.10/site-packages:${PYTHONPATH} /usr/bin/python3 setup.py egg_info --egg-base ../../build/bno055 build --build-base /home/keenan/Documents/rice_device/ros2_ws/build/bno055/build install --record /home/keenan/Documents/rice_device/ros2_ws/build/bno055/install.log --single-version-externally-managed
[1.926s] running egg_info
[1.927s] creating ../../build/bno055/bno055.egg-info
[1.927s] writing ../../build/bno055/bno055.egg-info/PKG-INFO
[1.927s] writing dependency_links to ../../build/bno055/bno055.egg-info/dependency_links.txt
[1.927s] writing entry points to ../../build/bno055/bno055.egg-info/entry_points.txt
[1.927s] writing requirements to ../../build/bno055/bno055.egg-info/requires.txt
[1.928s] writing top-level names to ../../build/bno055/bno055.egg-info/top_level.txt
[1.928s] writing manifest file '../../build/bno055/bno055.egg-info/SOURCES.txt'
[1.931s] reading manifest file '../../build/bno055/bno055.egg-info/SOURCES.txt'
[1.931s] adding license file 'LICENSE'
[1.931s] adding license file 'AUTHORS'
[1.932s] writing manifest file '../../build/bno055/bno055.egg-info/SOURCES.txt'
[1.932s] running build
[1.932s] running build_py
[1.933s] creating /home/keenan/Documents/rice_device/ros2_ws/build/bno055/build
[1.933s] creating /home/keenan/Documents/rice_device/ros2_ws/build/bno055/build/lib
[1.933s] creating /home/keenan/Documents/rice_device/ros2_ws/build/bno055/build/lib/bno055
[1.933s] copying bno055/__init__.py -> /home/keenan/Documents/rice_device/ros2_ws/build/bno055/build/lib/bno055
[1.933s] copying bno055/bno055.py -> /home/keenan/Documents/rice_device/ros2_ws/build/bno055/build/lib/bno055
[1.934s] copying bno055/registers.py -> /home/keenan/Documents/rice_device/ros2_ws/build/bno055/build/lib/bno055
[1.934s] creating /home/keenan/Documents/rice_device/ros2_ws/build/bno055/build/lib/bno055/sensor
[1.934s] copying bno055/sensor/__init__.py -> /home/keenan/Documents/rice_device/ros2_ws/build/bno055/build/lib/bno055/sensor
[1.934s] copying bno055/sensor/SensorService.py -> /home/keenan/Documents/rice_device/ros2_ws/build/bno055/build/lib/bno055/sensor
[1.935s] creating /home/keenan/Documents/rice_device/ros2_ws/build/bno055/build/lib/bno055/params
[1.935s] copying bno055/params/__init__.py -> /home/keenan/Documents/rice_device/ros2_ws/build/bno055/build/lib/bno055/params
[1.936s] copying bno055/params/NodeParameters.py -> /home/keenan/Documents/rice_device/ros2_ws/build/bno055/build/lib/bno055/params
[1.936s] creating /home/keenan/Documents/rice_device/ros2_ws/build/bno055/build/lib/bno055/error_handling
[1.936s] copying bno055/error_handling/__init__.py -> /home/keenan/Documents/rice_device/ros2_ws/build/bno055/build/lib/bno055/error_handling
[1.936s] copying bno055/error_handling/exceptions.py -> /home/keenan/Documents/rice_device/ros2_ws/build/bno055/build/lib/bno055/error_handling
[1.936s] creating /home/keenan/Documents/rice_device/ros2_ws/build/bno055/build/lib/bno055/connectors
[1.937s] copying bno055/connectors/uart.py -> /home/keenan/Documents/rice_device/ros2_ws/build/bno055/build/lib/bno055/connectors
[1.937s] copying bno055/connectors/__init__.py -> /home/keenan/Documents/rice_device/ros2_ws/build/bno055/build/lib/bno055/connectors
[1.937s] copying bno055/connectors/Connector.py -> /home/keenan/Documents/rice_device/ros2_ws/build/bno055/build/lib/bno055/connectors
[1.937s] copying bno055/connectors/i2c.py -> /home/keenan/Documents/rice_device/ros2_ws/build/bno055/build/lib/bno055/connectors
[1.937s] running install
[1.943s] running install_lib
[1.943s] creating /home/keenan/Documents/rice_device/ros2_ws/install/bno055/lib/python3.10/site-packages/bno055
[1.946s] copying /home/keenan/Documents/rice_device/ros2_ws/build/bno055/build/lib/bno055/__init__.py -> /home/keenan/Documents/rice_device/ros2_ws/install/bno055/lib/python3.10/site-packages/bno055
[1.946s] creating /home/keenan/Documents/rice_device/ros2_ws/install/bno055/lib/python3.10/site-packages/bno055/sensor
[1.946s] copying /home/keenan/Documents/rice_device/ros2_ws/build/bno055/build/lib/bno055/sensor/__init__.py -> /home/keenan/Documents/rice_device/ros2_ws/install/bno055/lib/python3.10/site-packages/bno055/sensor
[1.946s] copying /home/keenan/Documents/rice_device/ros2_ws/build/bno055/build/lib/bno055/sensor/SensorService.py -> /home/keenan/Documents/rice_device/ros2_ws/install/bno055/lib/python3.10/site-packages/bno055/sensor
[1.946s] copying /home/keenan/Documents/rice_device/ros2_ws/build/bno055/build/lib/bno055/bno055.py -> /home/keenan/Documents/rice_device/ros2_ws/install/bno055/lib/python3.10/site-packages/bno055
[1.946s] creating /home/keenan/Documents/rice_device/ros2_ws/install/bno055/lib/python3.10/site-packages/bno055/params
[1.947s] copying /home/keenan/Documents/rice_device/ros2_ws/build/bno055/build/lib/bno055/params/__init__.py -> /home/keenan/Documents/rice_device/ros2_ws/install/bno055/lib/python3.10/site-packages/bno055/params
[1.947s] copying /home/keenan/Documents/rice_device/ros2_ws/build/bno055/build/lib/bno055/params/NodeParameters.py -> /home/keenan/Documents/rice_device/ros2_ws/install/bno055/lib/python3.10/site-packages/bno055/params
[1.947s] creating /home/keenan/Documents/rice_device/ros2_ws/install/bno055/lib/python3.10/site-packages/bno055/error_handling
[1.947s] copying /home/keenan/Documents/rice_device/ros2_ws/build/bno055/build/lib/bno055/error_handling/__init__.py -> /home/keenan/Documents/rice_device/ros2_ws/install/bno055/lib/python3.10/site-packages/bno055/error_handling
[1.947s] copying /home/keenan/Documents/rice_device/ros2_ws/build/bno055/build/lib/bno055/error_handling/exceptions.py -> /home/keenan/Documents/rice_device/ros2_ws/install/bno055/lib/python3.10/site-packages/bno055/error_handling
[1.947s] copying /home/keenan/Documents/rice_device/ros2_ws/build/bno055/build/lib/bno055/registers.py -> /home/keenan/Documents/rice_device/ros2_ws/install/bno055/lib/python3.10/site-packages/bno055
[1.948s] creating /home/keenan/Documents/rice_device/ros2_ws/install/bno055/lib/python3.10/site-packages/bno055/connectors
[1.948s] copying /home/keenan/Documents/rice_device/ros2_ws/build/bno055/build/lib/bno055/connectors/uart.py -> /home/keenan/Documents/rice_device/ros2_ws/install/bno055/lib/python3.10/site-packages/bno055/connectors
[1.950s] copying /home/keenan/Documents/rice_device/ros2_ws/build/bno055/build/lib/bno055/connectors/__init__.py -> /home/keenan/Documents/rice_device/ros2_ws/install/bno055/lib/python3.10/site-packages/bno055/connectors
[1.950s] copying /home/keenan/Documents/rice_device/ros2_ws/build/bno055/build/lib/bno055/connectors/Connector.py -> /home/keenan/Documents/rice_device/ros2_ws/install/bno055/lib/python3.10/site-packages/bno055/connectors
[1.951s] copying /home/keenan/Documents/rice_device/ros2_ws/build/bno055/build/lib/bno055/connectors/i2c.py -> /home/keenan/Documents/rice_device/ros2_ws/install/bno055/lib/python3.10/site-packages/bno055/connectors
[1.951s] byte-compiling /home/keenan/Documents/rice_device/ros2_ws/install/bno055/lib/python3.10/site-packages/bno055/__init__.py to __init__.cpython-310.pyc
[1.951s] byte-compiling /home/keenan/Documents/rice_device/ros2_ws/install/bno055/lib/python3.10/site-packages/bno055/sensor/__init__.py to __init__.cpython-310.pyc
[1.951s] byte-compiling /home/keenan/Documents/rice_device/ros2_ws/install/bno055/lib/python3.10/site-packages/bno055/sensor/SensorService.py to SensorService.cpython-310.pyc
[1.951s] byte-compiling /home/keenan/Documents/rice_device/ros2_ws/install/bno055/lib/python3.10/site-packages/bno055/bno055.py to bno055.cpython-310.pyc
[1.952s] byte-compiling /home/keenan/Documents/rice_device/ros2_ws/install/bno055/lib/python3.10/site-packages/bno055/params/__init__.py to __init__.cpython-310.pyc
[1.952s] byte-compiling /home/keenan/Documents/rice_device/ros2_ws/install/bno055/lib/python3.10/site-packages/bno055/params/NodeParameters.py to NodeParameters.cpython-310.pyc
[1.953s] byte-compiling /home/keenan/Documents/rice_device/ros2_ws/install/bno055/lib/python3.10/site-packages/bno055/error_handling/__init__.py to __init__.cpython-310.pyc
[1.953s] byte-compiling /home/keenan/Documents/rice_device/ros2_ws/install/bno055/lib/python3.10/site-packages/bno055/error_handling/exceptions.py to exceptions.cpython-310.pyc
[1.955s] byte-compiling /home/keenan/Documents/rice_device/ros2_ws/install/bno055/lib/python3.10/site-packages/bno055/registers.py to registers.cpython-310.pyc
[1.955s] byte-compiling /home/keenan/Documents/rice_device/ros2_ws/install/bno055/lib/python3.10/site-packages/bno055/connectors/uart.py to uart.cpython-310.pyc
[1.955s] byte-compiling /home/keenan/Documents/rice_device/ros2_ws/install/bno055/lib/python3.10/site-packages/bno055/connectors/__init__.py to __init__.cpython-310.pyc
[1.956s] byte-compiling /home/keenan/Documents/rice_device/ros2_ws/install/bno055/lib/python3.10/site-packages/bno055/connectors/Connector.py to Connector.cpython-310.pyc
[1.957s] byte-compiling /home/keenan/Documents/rice_device/ros2_ws/install/bno055/lib/python3.10/site-packages/bno055/connectors/i2c.py to i2c.cpython-310.pyc
[1.957s] running install_data
[1.958s] creating /home/keenan/Documents/rice_device/ros2_ws/install/bno055/share/ament_index
[1.958s] creating /home/keenan/Documents/rice_device/ros2_ws/install/bno055/share/ament_index/resource_index
[1.959s] creating /home/keenan/Documents/rice_device/ros2_ws/install/bno055/share/ament_index/resource_index/packages
[1.959s] copying resource/bno055 -> /home/keenan/Documents/rice_device/ros2_ws/install/bno055/share/ament_index/resource_index/packages
[1.959s] copying package.xml -> /home/keenan/Documents/rice_device/ros2_ws/install/bno055/share/bno055
[1.959s] creating /home/keenan/Documents/rice_device/ros2_ws/install/bno055/share/bno055/launch
[1.959s] copying launch/bno055.launch.py -> /home/keenan/Documents/rice_device/ros2_ws/install/bno055/share/bno055/launch
[1.959s] creating /home/keenan/Documents/rice_device/ros2_ws/install/bno055/share/bno055/config
[1.960s] copying bno055/params/bno055_params.yaml -> /home/keenan/Documents/rice_device/ros2_ws/install/bno055/share/bno055/config
[1.960s] running install_egg_info
[1.962s] Copying ../../build/bno055/bno055.egg-info to /home/keenan/Documents/rice_device/ros2_ws/install/bno055/lib/python3.10/site-packages/bno055-0.3.0-py3.10.egg-info
[1.963s] running install_scripts
[1.997s] Installing bno055 script to /home/keenan/Documents/rice_device/ros2_ws/install/bno055/lib/bno055
[1.998s] writing list of installed files to '/home/keenan/Documents/rice_device/ros2_ws/build/bno055/install.log'
[2.114s] Invoked command in '/home/keenan/Documents/rice_device/ros2_ws/src/bno055-0.3.0' returned '0': PYTHONPATH=/home/keenan/Documents/rice_device/ros2_ws/build/bno055/prefix_override:/home/keenan/Documents/rice_device/ros2_ws/install/bno055/lib/python3.10/site-packages:${PYTHONPATH} /usr/bin/python3 setup.py egg_info --egg-base ../../build/bno055 build --build-base /home/keenan/Documents/rice_device/ros2_ws/build/bno055/build install --record /home/keenan/Documents/rice_device/ros2_ws/build/bno055/install.log --single-version-externally-managed
