[1.065s] Invoking command in '/home/keenan/Documents/rice_device/ros2_ws/src/bno055-0.3.0': PYTHONPATH=/home/keenan/Documents/rice_device/build/bno055/prefix_override:/home/keenan/Documents/rice_device/install/bno055/lib/python3.10/site-packages:${PYTHONPATH} /usr/bin/python3 setup.py egg_info --egg-base ../../../build/bno055 build --build-base /home/keenan/Documents/rice_device/build/bno055/build install --record /home/keenan/Documents/rice_device/build/bno055/install.log --single-version-externally-managed
[1.294s] running egg_info
[1.295s] writing ../../../build/bno055/bno055.egg-info/PKG-INFO
[1.295s] writing dependency_links to ../../../build/bno055/bno055.egg-info/dependency_links.txt
[1.295s] writing entry points to ../../../build/bno055/bno055.egg-info/entry_points.txt
[1.295s] writing requirements to ../../../build/bno055/bno055.egg-info/requires.txt
[1.296s] writing top-level names to ../../../build/bno055/bno055.egg-info/top_level.txt
[1.298s] reading manifest file '../../../build/bno055/bno055.egg-info/SOURCES.txt'
[1.299s] adding license file 'LICENSE'
[1.299s] adding license file 'AUTHORS'
[1.300s] writing manifest file '../../../build/bno055/bno055.egg-info/SOURCES.txt'
[1.300s] running build
[1.300s] running build_py
[1.302s] running install
[1.302s] running install_lib
[1.304s] running install_data
[1.305s] running install_egg_info
[1.307s] removing '/home/keenan/Documents/rice_device/install/bno055/lib/python3.10/site-packages/bno055-0.3.0-py3.10.egg-info' (and everything under it)
[1.307s] Copying ../../../build/bno055/bno055.egg-info to /home/keenan/Documents/rice_device/install/bno055/lib/python3.10/site-packages/bno055-0.3.0-py3.10.egg-info
[1.308s] running install_scripts
[1.327s] Installing bno055 script to /home/keenan/Documents/rice_device/install/bno055/lib/bno055
[1.328s] writing list of installed files to '/home/keenan/Documents/rice_device/build/bno055/install.log'
[1.356s] Invoked command in '/home/keenan/Documents/rice_device/ros2_ws/src/bno055-0.3.0' returned '0': PYTHONPATH=/home/keenan/Documents/rice_device/build/bno055/prefix_override:/home/keenan/Documents/rice_device/install/bno055/lib/python3.10/site-packages:${PYTHONPATH} /usr/bin/python3 setup.py egg_info --egg-base ../../../build/bno055 build --build-base /home/keenan/Documents/rice_device/build/bno055/build install --record /home/keenan/Documents/rice_device/build/bno055/install.log --single-version-externally-managed
