[1.127s] Invoking command in '/home/keenan/Documents/rice_device/ros2_ws/src/euler_angle_extractor': PYTHONPATH=/home/keenan/Documents/rice_device/build/euler_angle_extractor/prefix_override:/home/keenan/Documents/rice_device/install/euler_angle_extractor/lib/python3.10/site-packages:${PYTHONPATH} /usr/bin/python3 setup.py egg_info --egg-base ../../../build/euler_angle_extractor build --build-base /home/keenan/Documents/rice_device/build/euler_angle_extractor/build install --record /home/keenan/Documents/rice_device/build/euler_angle_extractor/install.log --single-version-externally-managed
[1.367s] running egg_info
[1.368s] writing ../../../build/euler_angle_extractor/euler_angle_extractor.egg-info/PKG-INFO
[1.369s] writing dependency_links to ../../../build/euler_angle_extractor/euler_angle_extractor.egg-info/dependency_links.txt
[1.369s] writing entry points to ../../../build/euler_angle_extractor/euler_angle_extractor.egg-info/entry_points.txt
[1.369s] writing requirements to ../../../build/euler_angle_extractor/euler_angle_extractor.egg-info/requires.txt
[1.369s] writing top-level names to ../../../build/euler_angle_extractor/euler_angle_extractor.egg-info/top_level.txt
[1.372s] reading manifest file '../../../build/euler_angle_extractor/euler_angle_extractor.egg-info/SOURCES.txt'
[1.373s] writing manifest file '../../../build/euler_angle_extractor/euler_angle_extractor.egg-info/SOURCES.txt'
[1.373s] running build
[1.373s] running build_py
[1.373s] copying euler_angle_extractor/euler_angle_extractor.py -> /home/keenan/Documents/rice_device/build/euler_angle_extractor/build/lib/euler_angle_extractor
[1.374s] running install
[1.374s] running install_lib
[1.375s] copying /home/keenan/Documents/rice_device/build/euler_angle_extractor/build/lib/euler_angle_extractor/euler_angle_extractor.py -> /home/keenan/Documents/rice_device/install/euler_angle_extractor/lib/python3.10/site-packages/euler_angle_extractor
[1.375s] byte-compiling /home/keenan/Documents/rice_device/install/euler_angle_extractor/lib/python3.10/site-packages/euler_angle_extractor/euler_angle_extractor.py to euler_angle_extractor.cpython-310.pyc
[1.376s] running install_data
[1.376s] running install_egg_info
[1.378s] removing '/home/keenan/Documents/rice_device/install/euler_angle_extractor/lib/python3.10/site-packages/euler_angle_extractor-0.0.0-py3.10.egg-info' (and everything under it)
[1.378s] Copying ../../../build/euler_angle_extractor/euler_angle_extractor.egg-info to /home/keenan/Documents/rice_device/install/euler_angle_extractor/lib/python3.10/site-packages/euler_angle_extractor-0.0.0-py3.10.egg-info
[1.380s] running install_scripts
[1.400s] Installing euler_angle_extractor script to /home/keenan/Documents/rice_device/install/euler_angle_extractor/lib/euler_angle_extractor
[1.400s] writing list of installed files to '/home/keenan/Documents/rice_device/build/euler_angle_extractor/install.log'
[1.483s] Invoked command in '/home/keenan/Documents/rice_device/ros2_ws/src/euler_angle_extractor' returned '0': PYTHONPATH=/home/keenan/Documents/rice_device/build/euler_angle_extractor/prefix_override:/home/keenan/Documents/rice_device/install/euler_angle_extractor/lib/python3.10/site-packages:${PYTHONPATH} /usr/bin/python3 setup.py egg_info --egg-base ../../../build/euler_angle_extractor build --build-base /home/keenan/Documents/rice_device/build/euler_angle_extractor/build install --record /home/keenan/Documents/rice_device/build/euler_angle_extractor/install.log --single-version-externally-managed
