running egg_info
creating ../../../build/euler_angle_extractor/euler_angle_extractor.egg-info
writing ../../../build/euler_angle_extractor/euler_angle_extractor.egg-info/PKG-INFO
writing dependency_links to ../../../build/euler_angle_extractor/euler_angle_extractor.egg-info/dependency_links.txt
writing entry points to ../../../build/euler_angle_extractor/euler_angle_extractor.egg-info/entry_points.txt
writing requirements to ../../../build/euler_angle_extractor/euler_angle_extractor.egg-info/requires.txt
writing top-level names to ../../../build/euler_angle_extractor/euler_angle_extractor.egg-info/top_level.txt
writing manifest file '../../../build/euler_angle_extractor/euler_angle_extractor.egg-info/SOURCES.txt'
reading manifest file '../../../build/euler_angle_extractor/euler_angle_extractor.egg-info/SOURCES.txt'
writing manifest file '../../../build/euler_angle_extractor/euler_angle_extractor.egg-info/SOURCES.txt'
running build
running build_py
creating /home/keenan/Documents/rice_device/build/euler_angle_extractor/build
creating /home/keenan/Documents/rice_device/build/euler_angle_extractor/build/lib
creating /home/keenan/Documents/rice_device/build/euler_angle_extractor/build/lib/euler_angle_extractor
copying euler_angle_extractor/__init__.py -> /home/keenan/Documents/rice_device/build/euler_angle_extractor/build/lib/euler_angle_extractor
copying euler_angle_extractor/euler_angle_extractor.py -> /home/keenan/Documents/rice_device/build/euler_angle_extractor/build/lib/euler_angle_extractor
running install
running install_lib
creating /home/keenan/Documents/rice_device/install/euler_angle_extractor/lib/python3.10/site-packages/euler_angle_extractor
copying /home/keenan/Documents/rice_device/build/euler_angle_extractor/build/lib/euler_angle_extractor/__init__.py -> /home/keenan/Documents/rice_device/install/euler_angle_extractor/lib/python3.10/site-packages/euler_angle_extractor
copying /home/keenan/Documents/rice_device/build/euler_angle_extractor/build/lib/euler_angle_extractor/euler_angle_extractor.py -> /home/keenan/Documents/rice_device/install/euler_angle_extractor/lib/python3.10/site-packages/euler_angle_extractor
byte-compiling /home/keenan/Documents/rice_device/install/euler_angle_extractor/lib/python3.10/site-packages/euler_angle_extractor/__init__.py to __init__.cpython-310.pyc
byte-compiling /home/keenan/Documents/rice_device/install/euler_angle_extractor/lib/python3.10/site-packages/euler_angle_extractor/euler_angle_extractor.py to euler_angle_extractor.cpython-310.pyc
running install_data
creating /home/keenan/Documents/rice_device/install/euler_angle_extractor/share/ament_index
creating /home/keenan/Documents/rice_device/install/euler_angle_extractor/share/ament_index/resource_index
creating /home/keenan/Documents/rice_device/install/euler_angle_extractor/share/ament_index/resource_index/packages
copying resource/euler_angle_extractor -> /home/keenan/Documents/rice_device/install/euler_angle_extractor/share/ament_index/resource_index/packages
copying package.xml -> /home/keenan/Documents/rice_device/install/euler_angle_extractor/share/euler_angle_extractor
running install_egg_info
Copying ../../../build/euler_angle_extractor/euler_angle_extractor.egg-info to /home/keenan/Documents/rice_device/install/euler_angle_extractor/lib/python3.10/site-packages/euler_angle_extractor-0.0.0-py3.10.egg-info
running install_scripts
writing list of installed files to '/home/keenan/Documents/rice_device/build/euler_angle_extractor/install.log'
