[1.018s] Invoking command in '/home/keenan/Documents/rice_device/ros2_ws/src/euler_angle_extractor': PYTHONPATH=/home/keenan/Documents/rice_device/build/euler_angle_extractor/prefix_override:/home/keenan/Documents/rice_device/install/euler_angle_extractor/lib/python3.10/site-packages:${PYTHONPATH} /usr/bin/python3 setup.py egg_info --egg-base ../../../build/euler_angle_extractor build --build-base /home/keenan/Documents/rice_device/build/euler_angle_extractor/build install --record /home/keenan/Documents/rice_device/build/euler_angle_extractor/install.log --single-version-externally-managed
[1.243s] running egg_info
[1.243s] creating ../../../build/euler_angle_extractor/euler_angle_extractor.egg-info
[1.243s] writing ../../../build/euler_angle_extractor/euler_angle_extractor.egg-info/PKG-INFO
[1.244s] writing dependency_links to ../../../build/euler_angle_extractor/euler_angle_extractor.egg-info/dependency_links.txt
[1.244s] writing entry points to ../../../build/euler_angle_extractor/euler_angle_extractor.egg-info/entry_points.txt
[1.244s] writing requirements to ../../../build/euler_angle_extractor/euler_angle_extractor.egg-info/requires.txt
[1.244s] writing top-level names to ../../../build/euler_angle_extractor/euler_angle_extractor.egg-info/top_level.txt
[1.245s] writing manifest file '../../../build/euler_angle_extractor/euler_angle_extractor.egg-info/SOURCES.txt'
[1.246s] reading manifest file '../../../build/euler_angle_extractor/euler_angle_extractor.egg-info/SOURCES.txt'
[1.247s] writing manifest file '../../../build/euler_angle_extractor/euler_angle_extractor.egg-info/SOURCES.txt'
[1.248s] running build
[1.248s] running build_py
[1.248s] creating /home/keenan/Documents/rice_device/build/euler_angle_extractor/build
[1.248s] creating /home/keenan/Documents/rice_device/build/euler_angle_extractor/build/lib
[1.248s] creating /home/keenan/Documents/rice_device/build/euler_angle_extractor/build/lib/euler_angle_extractor
[1.248s] copying euler_angle_extractor/__init__.py -> /home/keenan/Documents/rice_device/build/euler_angle_extractor/build/lib/euler_angle_extractor
[1.248s] copying euler_angle_extractor/euler_angle_extractor.py -> /home/keenan/Documents/rice_device/build/euler_angle_extractor/build/lib/euler_angle_extractor
[1.249s] running install
[1.249s] running install_lib
[1.250s] creating /home/keenan/Documents/rice_device/install/euler_angle_extractor/lib/python3.10/site-packages/euler_angle_extractor
[1.250s] copying /home/keenan/Documents/rice_device/build/euler_angle_extractor/build/lib/euler_angle_extractor/__init__.py -> /home/keenan/Documents/rice_device/install/euler_angle_extractor/lib/python3.10/site-packages/euler_angle_extractor
[1.251s] copying /home/keenan/Documents/rice_device/build/euler_angle_extractor/build/lib/euler_angle_extractor/euler_angle_extractor.py -> /home/keenan/Documents/rice_device/install/euler_angle_extractor/lib/python3.10/site-packages/euler_angle_extractor
[1.251s] byte-compiling /home/keenan/Documents/rice_device/install/euler_angle_extractor/lib/python3.10/site-packages/euler_angle_extractor/__init__.py to __init__.cpython-310.pyc
[1.252s] byte-compiling /home/keenan/Documents/rice_device/install/euler_angle_extractor/lib/python3.10/site-packages/euler_angle_extractor/euler_angle_extractor.py to euler_angle_extractor.cpython-310.pyc
[1.252s] running install_data
[1.252s] creating /home/keenan/Documents/rice_device/install/euler_angle_extractor/share/ament_index
[1.253s] creating /home/keenan/Documents/rice_device/install/euler_angle_extractor/share/ament_index/resource_index
[1.253s] creating /home/keenan/Documents/rice_device/install/euler_angle_extractor/share/ament_index/resource_index/packages
[1.253s] copying resource/euler_angle_extractor -> /home/keenan/Documents/rice_device/install/euler_angle_extractor/share/ament_index/resource_index/packages
[1.253s] copying package.xml -> /home/keenan/Documents/rice_device/install/euler_angle_extractor/share/euler_angle_extractor
[1.253s] running install_egg_info
[1.255s] Copying ../../../build/euler_angle_extractor/euler_angle_extractor.egg-info to /home/keenan/Documents/rice_device/install/euler_angle_extractor/lib/python3.10/site-packages/euler_angle_extractor-0.0.0-py3.10.egg-info
[1.256s] running install_scripts
[1.281s] writing list of installed files to '/home/keenan/Documents/rice_device/build/euler_angle_extractor/install.log'
[1.305s] Invoked command in '/home/keenan/Documents/rice_device/ros2_ws/src/euler_angle_extractor' returned '0': PYTHONPATH=/home/keenan/Documents/rice_device/build/euler_angle_extractor/prefix_override:/home/keenan/Documents/rice_device/install/euler_angle_extractor/lib/python3.10/site-packages:${PYTHONPATH} /usr/bin/python3 setup.py egg_info --egg-base ../../../build/euler_angle_extractor build --build-base /home/keenan/Documents/rice_device/build/euler_angle_extractor/build install --record /home/keenan/Documents/rice_device/build/euler_angle_extractor/install.log --single-version-externally-managed
