[1.108s] Invoking command in '/home/keenan/Documents/rice_device/ros2_ws/src/euler_angle_extractor': PYTHONPATH=/home/keenan/Documents/rice_device/build/euler_angle_extractor/prefix_override:/home/keenan/Documents/rice_device/install/euler_angle_extractor/lib/python3.10/site-packages:${PYTHONPATH} /usr/bin/python3 setup.py egg_info --egg-base ../../../build/euler_angle_extractor build --build-base /home/keenan/Documents/rice_device/build/euler_angle_extractor/build install --record /home/keenan/Documents/rice_device/build/euler_angle_extractor/install.log --single-version-externally-managed
[1.335s] running egg_info
[1.335s] writing ../../../build/euler_angle_extractor/euler_angle_extractor.egg-info/PKG-INFO
[1.336s] writing dependency_links to ../../../build/euler_angle_extractor/euler_angle_extractor.egg-info/dependency_links.txt
[1.336s] writing entry points to ../../../build/euler_angle_extractor/euler_angle_extractor.egg-info/entry_points.txt
[1.337s] writing requirements to ../../../build/euler_angle_extractor/euler_angle_extractor.egg-info/requires.txt
[1.337s] writing top-level names to ../../../build/euler_angle_extractor/euler_angle_extractor.egg-info/top_level.txt
[1.338s] reading manifest file '../../../build/euler_angle_extractor/euler_angle_extractor.egg-info/SOURCES.txt'
[1.339s] writing manifest file '../../../build/euler_angle_extractor/euler_angle_extractor.egg-info/SOURCES.txt'
[1.339s] running build
[1.340s] running build_py
[1.340s] copying euler_angle_extractor/euler_angle_extractor.py -> /home/keenan/Documents/rice_device/build/euler_angle_extractor/build/lib/euler_angle_extractor
[1.340s] running install
[1.340s] running install_lib
[1.342s] copying /home/keenan/Documents/rice_device/build/euler_angle_extractor/build/lib/euler_angle_extractor/euler_angle_extractor.py -> /home/keenan/Documents/rice_device/install/euler_angle_extractor/lib/python3.10/site-packages/euler_angle_extractor
[1.342s] byte-compiling /home/keenan/Documents/rice_device/install/euler_angle_extractor/lib/python3.10/site-packages/euler_angle_extractor/euler_angle_extractor.py to euler_angle_extractor.cpython-310.pyc
[1.343s]   File "/home/keenan/Documents/rice_device/install/euler_angle_extractor/lib/python3.10/site-packages/euler_angle_extractor/euler_angle_extractor.py", line 21
[1.343s]     self.get_logger().info('I heard: "%s"' % msg.orientation.)
[1.343s]                                                              ^
[1.343s] SyntaxError: invalid syntax
[1.343s] 
[1.343s] running install_data
[1.343s] running install_egg_info
[1.346s] removing '/home/keenan/Documents/rice_device/install/euler_angle_extractor/lib/python3.10/site-packages/euler_angle_extractor-0.0.0-py3.10.egg-info' (and everything under it)
[1.347s] Copying ../../../build/euler_angle_extractor/euler_angle_extractor.egg-info to /home/keenan/Documents/rice_device/install/euler_angle_extractor/lib/python3.10/site-packages/euler_angle_extractor-0.0.0-py3.10.egg-info
[1.347s] running install_scripts
[1.378s] Installing euler_angle_extractor script to /home/keenan/Documents/rice_device/install/euler_angle_extractor/lib/euler_angle_extractor
[1.379s] writing list of installed files to '/home/keenan/Documents/rice_device/build/euler_angle_extractor/install.log'
[1.402s] Invoked command in '/home/keenan/Documents/rice_device/ros2_ws/src/euler_angle_extractor' returned '0': PYTHONPATH=/home/keenan/Documents/rice_device/build/euler_angle_extractor/prefix_override:/home/keenan/Documents/rice_device/install/euler_angle_extractor/lib/python3.10/site-packages:${PYTHONPATH} /usr/bin/python3 setup.py egg_info --egg-base ../../../build/euler_angle_extractor build --build-base /home/keenan/Documents/rice_device/build/euler_angle_extractor/build install --record /home/keenan/Documents/rice_device/build/euler_angle_extractor/install.log --single-version-externally-managed
