[1.051s] Invoking command in '/home/keenan/Documents/rice_device/ros2_ws/src/bno055-0.3.0': PYTHONPATH=/home/keenan/Documents/rice_device/build/bno055/prefix_override:/home/keenan/Documents/rice_device/install/bno055/lib/python3.10/site-packages:${PYTHONPATH} /usr/bin/python3 setup.py egg_info --egg-base ../../../build/bno055 build --build-base /home/keenan/Documents/rice_device/build/bno055/build install --record /home/keenan/Documents/rice_device/build/bno055/install.log --single-version-externally-managed
[1.283s] running egg_info
[1.283s] writing ../../../build/bno055/bno055.egg-info/PKG-INFO
[1.283s] writing dependency_links to ../../../build/bno055/bno055.egg-info/dependency_links.txt
[1.284s] writing entry points to ../../../build/bno055/bno055.egg-info/entry_points.txt
[1.284s] writing requirements to ../../../build/bno055/bno055.egg-info/requires.txt
[1.284s] writing top-level names to ../../../build/bno055/bno055.egg-info/top_level.txt
[1.287s] reading manifest file '../../../build/bno055/bno055.egg-info/SOURCES.txt'
[1.287s] adding license file 'LICENSE'
[1.287s] adding license file 'AUTHORS'
[1.288s] writing manifest file '../../../build/bno055/bno055.egg-info/SOURCES.txt'
[1.288s] running build
[1.288s] running build_py
[1.290s] running install
[1.291s] running install_lib
[1.292s] running install_data
[1.293s] running install_egg_info
[1.294s] removing '/home/keenan/Documents/rice_device/install/bno055/lib/python3.10/site-packages/bno055-0.3.0-py3.10.egg-info' (and everything under it)
[1.294s] Copying ../../../build/bno055/bno055.egg-info to /home/keenan/Documents/rice_device/install/bno055/lib/python3.10/site-packages/bno055-0.3.0-py3.10.egg-info
[1.295s] running install_scripts
[1.316s] Installing bno055 script to /home/keenan/Documents/rice_device/install/bno055/lib/bno055
[1.317s] writing list of installed files to '/home/keenan/Documents/rice_device/build/bno055/install.log'
[1.345s] Invoked command in '/home/keenan/Documents/rice_device/ros2_ws/src/bno055-0.3.0' returned '0': PYTHONPATH=/home/keenan/Documents/rice_device/build/bno055/prefix_override:/home/keenan/Documents/rice_device/install/bno055/lib/python3.10/site-packages:${PYTHONPATH} /usr/bin/python3 setup.py egg_info --egg-base ../../../build/bno055 build --build-base /home/keenan/Documents/rice_device/build/bno055/build install --record /home/keenan/Documents/rice_device/build/bno055/install.log --single-version-externally-managed
