[0.757s] Invoking command in '/home/keenan/Documents/rice_device/ros2_ws/src/bno055-0.3.0': PYTHONPATH=/home/keenan/Documents/rice_device/ros2_ws/build/bno055/prefix_override:/home/keenan/Documents/rice_device/ros2_ws/install/bno055/lib/python3.10/site-packages:${PYTHONPATH} /usr/bin/python3 setup.py egg_info --egg-base ../../build/bno055 build --build-base /home/keenan/Documents/rice_device/ros2_ws/build/bno055/build install --record /home/keenan/Documents/rice_device/ros2_ws/build/bno055/install.log --single-version-externally-managed
[0.997s] running egg_info
[0.998s] writing ../../build/bno055/bno055.egg-info/PKG-INFO
[0.998s] writing dependency_links to ../../build/bno055/bno055.egg-info/dependency_links.txt
[0.998s] writing entry points to ../../build/bno055/bno055.egg-info/entry_points.txt
[0.999s] writing requirements to ../../build/bno055/bno055.egg-info/requires.txt
[0.999s] writing top-level names to ../../build/bno055/bno055.egg-info/top_level.txt
[1.001s] reading manifest file '../../build/bno055/bno055.egg-info/SOURCES.txt'
[1.002s] adding license file 'LICENSE'
[1.002s] adding license file 'AUTHORS'
[1.003s] writing manifest file '../../build/bno055/bno055.egg-info/SOURCES.txt'
[1.003s] running build
[1.003s] running build_py
[1.005s] running install
[1.006s] running install_lib
[1.007s] running install_data
[1.008s] running install_egg_info
[1.010s] removing '/home/keenan/Documents/rice_device/ros2_ws/install/bno055/lib/python3.10/site-packages/bno055-0.3.0-py3.10.egg-info' (and everything under it)
[1.010s] Copying ../../build/bno055/bno055.egg-info to /home/keenan/Documents/rice_device/ros2_ws/install/bno055/lib/python3.10/site-packages/bno055-0.3.0-py3.10.egg-info
[1.011s] running install_scripts
[1.034s] Installing bno055 script to /home/keenan/Documents/rice_device/ros2_ws/install/bno055/lib/bno055
[1.035s] writing list of installed files to '/home/keenan/Documents/rice_device/ros2_ws/build/bno055/install.log'
[1.058s] Invoked command in '/home/keenan/Documents/rice_device/ros2_ws/src/bno055-0.3.0' returned '0': PYTHONPATH=/home/keenan/Documents/rice_device/ros2_ws/build/bno055/prefix_override:/home/keenan/Documents/rice_device/ros2_ws/install/bno055/lib/python3.10/site-packages:${PYTHONPATH} /usr/bin/python3 setup.py egg_info --egg-base ../../build/bno055 build --build-base /home/keenan/Documents/rice_device/ros2_ws/build/bno055/build install --record /home/keenan/Documents/rice_device/ros2_ws/build/bno055/install.log --single-version-externally-managed
