[0.944s] DEBUG:colcon:Command line arguments: ['/usr/bin/colcon', 'build']
[0.944s] DEBUG:colcon:Parsed command line arguments: Namespace(log_base=None, log_level=None, verb_name='build', build_base='build', install_base='install', merge_install=False, symlink_install=False, test_result_base=None, continue_on_error=False, executor='parallel', parallel_workers=4, event_handlers=None, ignore_user_meta=False, metas=['./colcon.meta'], base_paths=['.'], packages_ignore=None, packages_ignore_regex=None, paths=None, packages_up_to=None, packages_up_to_regex=None, packages_above=None, packages_above_and_dependencies=None, packages_above_depth=None, packages_select_by_dep=None, packages_skip_by_dep=None, packages_skip_up_to=None, packages_select_build_failed=False, packages_skip_build_finished=False, packages_select_test_failures=False, packages_skip_test_passed=False, packages_select=None, packages_skip=None, packages_select_regex=None, packages_skip_regex=None, packages_start=None, packages_end=None, allow_overriding=[], cmake_args=None, cmake_target=None, cmake_target_skip_unavailable=False, cmake_clean_cache=False, cmake_clean_first=False, cmake_force_configure=False, ament_cmake_args=None, catkin_cmake_args=None, catkin_skip_building_tests=False, verb_parser=<colcon_defaults.argument_parser.defaults.DefaultArgumentsDecorator object at 0x7f8ae63808e0>, verb_extension=<colcon_core.verb.build.BuildVerb object at 0x7f8ae6368fa0>, main=<bound method BuildVerb.main of <colcon_core.verb.build.BuildVerb object at 0x7f8ae6368fa0>>)
[0.990s] Level 1:colcon.colcon_core.package_discovery:discover_packages(colcon_meta) check parameters
[0.990s] Level 1:colcon.colcon_core.package_discovery:discover_packages(recursive) check parameters
[0.990s] Level 1:colcon.colcon_core.package_discovery:discover_packages(ignore) check parameters
[0.990s] Level 1:colcon.colcon_core.package_discovery:discover_packages(path) check parameters
[0.990s] Level 1:colcon.colcon_core.package_discovery:discover_packages(colcon_meta) discover
[0.990s] Level 1:colcon.colcon_core.package_discovery:discover_packages(recursive) discover
[0.990s] INFO:colcon.colcon_core.package_discovery:Crawling recursively for packages in '/home/keenan/Documents/rice_device'
[0.990s] Level 1:colcon.colcon_core.package_identification:_identify(.) by extensions ['ignore', 'ignore_ament_install']
[0.990s] Level 1:colcon.colcon_core.package_identification:_identify(.) by extension 'ignore'
[0.990s] Level 1:colcon.colcon_core.package_identification:_identify(.) by extension 'ignore_ament_install'
[0.990s] Level 1:colcon.colcon_core.package_identification:_identify(.) by extensions ['colcon_pkg']
[0.990s] Level 1:colcon.colcon_core.package_identification:_identify(.) by extension 'colcon_pkg'
[0.990s] Level 1:colcon.colcon_core.package_identification:_identify(.) by extensions ['colcon_meta']
[0.990s] Level 1:colcon.colcon_core.package_identification:_identify(.) by extension 'colcon_meta'
[0.990s] Level 1:colcon.colcon_core.package_identification:_identify(.) by extensions ['ros']
[0.991s] Level 1:colcon.colcon_core.package_identification:_identify(.) by extension 'ros'
[1.001s] Level 1:colcon.colcon_core.package_identification:_identify(.) by extensions ['cmake', 'python']
[1.001s] Level 1:colcon.colcon_core.package_identification:_identify(.) by extension 'cmake'
[1.001s] Level 1:colcon.colcon_core.package_identification:_identify(.) by extension 'python'
[1.001s] Level 1:colcon.colcon_core.package_identification:_identify(.) by extensions ['python_setup_py']
[1.001s] Level 1:colcon.colcon_core.package_identification:_identify(.) by extension 'python_setup_py'
[1.001s] Level 1:colcon.colcon_core.package_identification:_identify(build) by extensions ['ignore', 'ignore_ament_install']
[1.001s] Level 1:colcon.colcon_core.package_identification:_identify(build) by extension 'ignore'
[1.001s] Level 1:colcon.colcon_core.package_identification:_identify(build) ignored
[1.001s] Level 1:colcon.colcon_core.package_identification:_identify(install) by extensions ['ignore', 'ignore_ament_install']
[1.001s] Level 1:colcon.colcon_core.package_identification:_identify(install) by extension 'ignore'
[1.001s] Level 1:colcon.colcon_core.package_identification:_identify(install) ignored
[1.002s] Level 1:colcon.colcon_core.package_identification:_identify(log) by extensions ['ignore', 'ignore_ament_install']
[1.002s] Level 1:colcon.colcon_core.package_identification:_identify(log) by extension 'ignore'
[1.002s] Level 1:colcon.colcon_core.package_identification:_identify(log) ignored
[1.002s] Level 1:colcon.colcon_core.package_identification:_identify(ros2_ws) by extensions ['ignore', 'ignore_ament_install']
[1.002s] Level 1:colcon.colcon_core.package_identification:_identify(ros2_ws) by extension 'ignore'
[1.002s] Level 1:colcon.colcon_core.package_identification:_identify(ros2_ws) by extension 'ignore_ament_install'
[1.002s] Level 1:colcon.colcon_core.package_identification:_identify(ros2_ws) by extensions ['colcon_pkg']
[1.002s] Level 1:colcon.colcon_core.package_identification:_identify(ros2_ws) by extension 'colcon_pkg'
[1.002s] Level 1:colcon.colcon_core.package_identification:_identify(ros2_ws) by extensions ['colcon_meta']
[1.002s] Level 1:colcon.colcon_core.package_identification:_identify(ros2_ws) by extension 'colcon_meta'
[1.002s] Level 1:colcon.colcon_core.package_identification:_identify(ros2_ws) by extensions ['ros']
[1.002s] Level 1:colcon.colcon_core.package_identification:_identify(ros2_ws) by extension 'ros'
[1.002s] Level 1:colcon.colcon_core.package_identification:_identify(ros2_ws) by extensions ['cmake', 'python']
[1.002s] Level 1:colcon.colcon_core.package_identification:_identify(ros2_ws) by extension 'cmake'
[1.002s] Level 1:colcon.colcon_core.package_identification:_identify(ros2_ws) by extension 'python'
[1.002s] Level 1:colcon.colcon_core.package_identification:_identify(ros2_ws) by extensions ['python_setup_py']
[1.002s] Level 1:colcon.colcon_core.package_identification:_identify(ros2_ws) by extension 'python_setup_py'
[1.002s] Level 1:colcon.colcon_core.package_identification:_identify(ros2_ws/build) by extensions ['ignore', 'ignore_ament_install']
[1.002s] Level 1:colcon.colcon_core.package_identification:_identify(ros2_ws/build) by extension 'ignore'
[1.002s] Level 1:colcon.colcon_core.package_identification:_identify(ros2_ws/build) ignored
[1.003s] Level 1:colcon.colcon_core.package_identification:_identify(ros2_ws/install) by extensions ['ignore', 'ignore_ament_install']
[1.003s] Level 1:colcon.colcon_core.package_identification:_identify(ros2_ws/install) by extension 'ignore'
[1.003s] Level 1:colcon.colcon_core.package_identification:_identify(ros2_ws/install) ignored
[1.003s] Level 1:colcon.colcon_core.package_identification:_identify(ros2_ws/log) by extensions ['ignore', 'ignore_ament_install']
[1.003s] Level 1:colcon.colcon_core.package_identification:_identify(ros2_ws/log) by extension 'ignore'
[1.003s] Level 1:colcon.colcon_core.package_identification:_identify(ros2_ws/log) ignored
[1.003s] Level 1:colcon.colcon_core.package_identification:_identify(ros2_ws/src) by extensions ['ignore', 'ignore_ament_install']
[1.003s] Level 1:colcon.colcon_core.package_identification:_identify(ros2_ws/src) by extension 'ignore'
[1.003s] Level 1:colcon.colcon_core.package_identification:_identify(ros2_ws/src) by extension 'ignore_ament_install'
[1.003s] Level 1:colcon.colcon_core.package_identification:_identify(ros2_ws/src) by extensions ['colcon_pkg']
[1.003s] Level 1:colcon.colcon_core.package_identification:_identify(ros2_ws/src) by extension 'colcon_pkg'
[1.003s] Level 1:colcon.colcon_core.package_identification:_identify(ros2_ws/src) by extensions ['colcon_meta']
[1.003s] Level 1:colcon.colcon_core.package_identification:_identify(ros2_ws/src) by extension 'colcon_meta'
[1.003s] Level 1:colcon.colcon_core.package_identification:_identify(ros2_ws/src) by extensions ['ros']
[1.003s] Level 1:colcon.colcon_core.package_identification:_identify(ros2_ws/src) by extension 'ros'
[1.003s] Level 1:colcon.colcon_core.package_identification:_identify(ros2_ws/src) by extensions ['cmake', 'python']
[1.003s] Level 1:colcon.colcon_core.package_identification:_identify(ros2_ws/src) by extension 'cmake'
[1.003s] Level 1:colcon.colcon_core.package_identification:_identify(ros2_ws/src) by extension 'python'
[1.003s] Level 1:colcon.colcon_core.package_identification:_identify(ros2_ws/src) by extensions ['python_setup_py']
[1.003s] Level 1:colcon.colcon_core.package_identification:_identify(ros2_ws/src) by extension 'python_setup_py'
[1.004s] Level 1:colcon.colcon_core.package_identification:_identify(ros2_ws/src/bno055-0.3.0) by extensions ['ignore', 'ignore_ament_install']
[1.004s] Level 1:colcon.colcon_core.package_identification:_identify(ros2_ws/src/bno055-0.3.0) by extension 'ignore'
[1.004s] Level 1:colcon.colcon_core.package_identification:_identify(ros2_ws/src/bno055-0.3.0) by extension 'ignore_ament_install'
[1.004s] Level 1:colcon.colcon_core.package_identification:_identify(ros2_ws/src/bno055-0.3.0) by extensions ['colcon_pkg']
[1.004s] Level 1:colcon.colcon_core.package_identification:_identify(ros2_ws/src/bno055-0.3.0) by extension 'colcon_pkg'
[1.004s] Level 1:colcon.colcon_core.package_identification:_identify(ros2_ws/src/bno055-0.3.0) by extensions ['colcon_meta']
[1.004s] Level 1:colcon.colcon_core.package_identification:_identify(ros2_ws/src/bno055-0.3.0) by extension 'colcon_meta'
[1.004s] Level 1:colcon.colcon_core.package_identification:_identify(ros2_ws/src/bno055-0.3.0) by extensions ['ros']
[1.004s] Level 1:colcon.colcon_core.package_identification:_identify(ros2_ws/src/bno055-0.3.0) by extension 'ros'
[1.006s] DEBUG:colcon.colcon_core.package_identification:Package 'ros2_ws/src/bno055-0.3.0' with type 'ros.ament_python' and name 'bno055'
[1.006s] Level 1:colcon.colcon_core.package_identification:_identify(ros2_ws/src/euler_angle_extractor) by extensions ['ignore', 'ignore_ament_install']
[1.007s] Level 1:colcon.colcon_core.package_identification:_identify(ros2_ws/src/euler_angle_extractor) by extension 'ignore'
[1.007s] Level 1:colcon.colcon_core.package_identification:_identify(ros2_ws/src/euler_angle_extractor) by extension 'ignore_ament_install'
[1.007s] Level 1:colcon.colcon_core.package_identification:_identify(ros2_ws/src/euler_angle_extractor) by extensions ['colcon_pkg']
[1.007s] Level 1:colcon.colcon_core.package_identification:_identify(ros2_ws/src/euler_angle_extractor) by extension 'colcon_pkg'
[1.007s] Level 1:colcon.colcon_core.package_identification:_identify(ros2_ws/src/euler_angle_extractor) by extensions ['colcon_meta']
[1.007s] Level 1:colcon.colcon_core.package_identification:_identify(ros2_ws/src/euler_angle_extractor) by extension 'colcon_meta'
[1.007s] Level 1:colcon.colcon_core.package_identification:_identify(ros2_ws/src/euler_angle_extractor) by extensions ['ros']
[1.007s] Level 1:colcon.colcon_core.package_identification:_identify(ros2_ws/src/euler_angle_extractor) by extension 'ros'
[1.007s] DEBUG:colcon.colcon_core.package_identification:Package 'ros2_ws/src/euler_angle_extractor' with type 'ros.ament_python' and name 'euler_angle_extractor'
[1.007s] Level 1:colcon.colcon_core.package_discovery:discover_packages(recursive) using defaults
[1.007s] Level 1:colcon.colcon_core.package_discovery:discover_packages(ignore) discover
[1.007s] Level 1:colcon.colcon_core.package_discovery:discover_packages(ignore) using defaults
[1.007s] Level 1:colcon.colcon_core.package_discovery:discover_packages(path) discover
[1.007s] Level 1:colcon.colcon_core.package_discovery:discover_packages(path) using defaults
[1.092s] Level 1:colcon.colcon_core.package_discovery:discover_packages(prefix_path) check parameters
[1.092s] Level 1:colcon.colcon_core.package_discovery:discover_packages(prefix_path) discover
[1.123s] DEBUG:colcon.colcon_installed_package_information.package_discovery:Found 2 installed packages in /home/keenan/Documents/rice_device/install
[1.137s] DEBUG:colcon.colcon_installed_package_information.package_discovery:Found 270 installed packages in /opt/ros/humble
[1.138s] Level 1:colcon.colcon_core.package_discovery:discover_packages(prefix_path) using defaults
[1.225s] Level 5:colcon.colcon_core.verb:set package 'bno055' build argument 'cmake_args' from command line to 'None'
[1.225s] Level 5:colcon.colcon_core.verb:set package 'bno055' build argument 'cmake_target' from command line to 'None'
[1.225s] Level 5:colcon.colcon_core.verb:set package 'bno055' build argument 'cmake_target_skip_unavailable' from command line to 'False'
[1.225s] Level 5:colcon.colcon_core.verb:set package 'bno055' build argument 'cmake_clean_cache' from command line to 'False'
[1.225s] Level 5:colcon.colcon_core.verb:set package 'bno055' build argument 'cmake_clean_first' from command line to 'False'
[1.225s] Level 5:colcon.colcon_core.verb:set package 'bno055' build argument 'cmake_force_configure' from command line to 'False'
[1.225s] Level 5:colcon.colcon_core.verb:set package 'bno055' build argument 'ament_cmake_args' from command line to 'None'
[1.225s] Level 5:colcon.colcon_core.verb:set package 'bno055' build argument 'catkin_cmake_args' from command line to 'None'
[1.225s] Level 5:colcon.colcon_core.verb:set package 'bno055' build argument 'catkin_skip_building_tests' from command line to 'False'
[1.225s] DEBUG:colcon.colcon_core.verb:Building package 'bno055' with the following arguments: {'ament_cmake_args': None, 'build_base': '/home/keenan/Documents/rice_device/build/bno055', 'catkin_cmake_args': None, 'catkin_skip_building_tests': False, 'cmake_args': None, 'cmake_clean_cache': False, 'cmake_clean_first': False, 'cmake_force_configure': False, 'cmake_target': None, 'cmake_target_skip_unavailable': False, 'install_base': '/home/keenan/Documents/rice_device/install/bno055', 'merge_install': False, 'path': '/home/keenan/Documents/rice_device/ros2_ws/src/bno055-0.3.0', 'symlink_install': False, 'test_result_base': None}
[1.238s] Level 5:colcon.colcon_core.verb:set package 'euler_angle_extractor' build argument 'cmake_args' from command line to 'None'
[1.238s] Level 5:colcon.colcon_core.verb:set package 'euler_angle_extractor' build argument 'cmake_target' from command line to 'None'
[1.239s] Level 5:colcon.colcon_core.verb:set package 'euler_angle_extractor' build argument 'cmake_target_skip_unavailable' from command line to 'False'
[1.239s] Level 5:colcon.colcon_core.verb:set package 'euler_angle_extractor' build argument 'cmake_clean_cache' from command line to 'False'
[1.239s] Level 5:colcon.colcon_core.verb:set package 'euler_angle_extractor' build argument 'cmake_clean_first' from command line to 'False'
[1.239s] Level 5:colcon.colcon_core.verb:set package 'euler_angle_extractor' build argument 'cmake_force_configure' from command line to 'False'
[1.239s] Level 5:colcon.colcon_core.verb:set package 'euler_angle_extractor' build argument 'ament_cmake_args' from command line to 'None'
[1.239s] Level 5:colcon.colcon_core.verb:set package 'euler_angle_extractor' build argument 'catkin_cmake_args' from command line to 'None'
[1.239s] Level 5:colcon.colcon_core.verb:set package 'euler_angle_extractor' build argument 'catkin_skip_building_tests' from command line to 'False'
[1.239s] DEBUG:colcon.colcon_core.verb:Building package 'euler_angle_extractor' with the following arguments: {'ament_cmake_args': None, 'build_base': '/home/keenan/Documents/rice_device/build/euler_angle_extractor', 'catkin_cmake_args': None, 'catkin_skip_building_tests': False, 'cmake_args': None, 'cmake_clean_cache': False, 'cmake_clean_first': False, 'cmake_force_configure': False, 'cmake_target': None, 'cmake_target_skip_unavailable': False, 'install_base': '/home/keenan/Documents/rice_device/install/euler_angle_extractor', 'merge_install': False, 'path': '/home/keenan/Documents/rice_device/ros2_ws/src/euler_angle_extractor', 'symlink_install': False, 'test_result_base': None}
[1.252s] INFO:colcon.colcon_core.executor:Executing jobs using 'parallel' executor
[1.266s] DEBUG:colcon.colcon_parallel_executor.executor.parallel:run_until_complete
[1.266s] INFO:colcon.colcon_ros.task.ament_python.build:Building ROS package in '/home/keenan/Documents/rice_device/ros2_ws/src/bno055-0.3.0' with build type 'ament_python'
[1.266s] Level 1:colcon.colcon_core.shell:create_environment_hook('bno055', 'ament_prefix_path')
[1.282s] INFO:colcon.colcon_core.plugin_system:Skipping extension 'colcon_core.shell.bat': Not used on non-Windows systems
[1.282s] INFO:colcon.colcon_core.shell:Creating environment hook '/home/keenan/Documents/rice_device/install/bno055/share/bno055/hook/ament_prefix_path.ps1'
[1.283s] INFO:colcon.colcon_core.shell:Creating environment descriptor '/home/keenan/Documents/rice_device/install/bno055/share/bno055/hook/ament_prefix_path.dsv'
[1.283s] INFO:colcon.colcon_core.shell:Creating environment hook '/home/keenan/Documents/rice_device/install/bno055/share/bno055/hook/ament_prefix_path.sh'
[1.301s] INFO:colcon.colcon_core.shell:Skip shell extension 'powershell' for command environment: Not usable outside of PowerShell
[1.301s] DEBUG:colcon.colcon_core.shell:Skip shell extension 'dsv' for command environment
[1.344s] INFO:colcon.colcon_ros.task.ament_python.build:Building ROS package in '/home/keenan/Documents/rice_device/ros2_ws/src/euler_angle_extractor' with build type 'ament_python'
[1.344s] Level 1:colcon.colcon_core.shell:create_environment_hook('euler_angle_extractor', 'ament_prefix_path')
[1.360s] INFO:colcon.colcon_core.shell:Creating environment hook '/home/keenan/Documents/rice_device/install/euler_angle_extractor/share/euler_angle_extractor/hook/ament_prefix_path.ps1'
[1.360s] INFO:colcon.colcon_core.shell:Creating environment descriptor '/home/keenan/Documents/rice_device/install/euler_angle_extractor/share/euler_angle_extractor/hook/ament_prefix_path.dsv'
[1.361s] INFO:colcon.colcon_core.shell:Creating environment hook '/home/keenan/Documents/rice_device/install/euler_angle_extractor/share/euler_angle_extractor/hook/ament_prefix_path.sh'
[1.378s] INFO:colcon.colcon_core.shell:Skip shell extension 'powershell' for command environment: Not usable outside of PowerShell
[1.378s] DEBUG:colcon.colcon_core.shell:Skip shell extension 'dsv' for command environment
[1.655s] INFO:colcon.colcon_core.task.python.build:Building Python package in '/home/keenan/Documents/rice_device/ros2_ws/src/bno055-0.3.0'
[1.669s] INFO:colcon.colcon_core.shell:Skip shell extension 'powershell' for command environment: Not usable outside of PowerShell
[1.669s] DEBUG:colcon.colcon_core.shell:Skip shell extension 'dsv' for command environment
[1.949s] INFO:colcon.colcon_core.task.python.build:Building Python package in '/home/keenan/Documents/rice_device/ros2_ws/src/euler_angle_extractor'
[1.963s] INFO:colcon.colcon_core.shell:Skip shell extension 'powershell' for command environment: Not usable outside of PowerShell
[1.963s] DEBUG:colcon.colcon_core.shell:Skip shell extension 'dsv' for command environment
[2.318s] DEBUG:colcon.colcon_core.event_handler.log_command:Invoking command in '/home/keenan/Documents/rice_device/ros2_ws/src/bno055-0.3.0': PYTHONPATH=/home/keenan/Documents/rice_device/build/bno055/prefix_override:/home/keenan/Documents/rice_device/install/bno055/lib/python3.10/site-packages:${PYTHONPATH} /usr/bin/python3 setup.py egg_info --egg-base ../../../build/bno055 build --build-base /home/keenan/Documents/rice_device/build/bno055/build install --record /home/keenan/Documents/rice_device/build/bno055/install.log --single-version-externally-managed
[2.331s] DEBUG:colcon.colcon_core.event_handler.log_command:Invoking command in '/home/keenan/Documents/rice_device/ros2_ws/src/euler_angle_extractor': PYTHONPATH=/home/keenan/Documents/rice_device/build/euler_angle_extractor/prefix_override:/home/keenan/Documents/rice_device/install/euler_angle_extractor/lib/python3.10/site-packages:${PYTHONPATH} /usr/bin/python3 setup.py egg_info --egg-base ../../../build/euler_angle_extractor build --build-base /home/keenan/Documents/rice_device/build/euler_angle_extractor/build install --record /home/keenan/Documents/rice_device/build/euler_angle_extractor/install.log --single-version-externally-managed
[2.612s] DEBUG:colcon.colcon_core.event_handler.log_command:Invoked command in '/home/keenan/Documents/rice_device/ros2_ws/src/bno055-0.3.0' returned '0': PYTHONPATH=/home/keenan/Documents/rice_device/build/bno055/prefix_override:/home/keenan/Documents/rice_device/install/bno055/lib/python3.10/site-packages:${PYTHONPATH} /usr/bin/python3 setup.py egg_info --egg-base ../../../build/bno055 build --build-base /home/keenan/Documents/rice_device/build/bno055/build install --record /home/keenan/Documents/rice_device/build/bno055/install.log --single-version-externally-managed
[2.630s] Level 1:colcon.colcon_core.environment:checking '/home/keenan/Documents/rice_device/install/bno055' for CMake module files
[2.631s] Level 1:colcon.colcon_core.environment:checking '/home/keenan/Documents/rice_device/install/bno055' for CMake config files
[2.631s] Level 1:colcon.colcon_core.environment:checking '/home/keenan/Documents/rice_device/install/bno055/lib'
[2.631s] Level 1:colcon.colcon_core.environment:checking '/home/keenan/Documents/rice_device/install/bno055/bin'
[2.632s] Level 1:colcon.colcon_core.environment:checking '/home/keenan/Documents/rice_device/install/bno055/lib/pkgconfig/bno055.pc'
[2.632s] Level 1:colcon.colcon_core.environment:checking '/home/keenan/Documents/rice_device/install/bno055/lib/python3.10/site-packages'
[2.632s] Level 1:colcon.colcon_core.shell:create_environment_hook('bno055', 'pythonpath')
[2.646s] INFO:colcon.colcon_core.shell:Creating environment hook '/home/keenan/Documents/rice_device/install/bno055/share/bno055/hook/pythonpath.ps1'
[2.647s] INFO:colcon.colcon_core.shell:Creating environment descriptor '/home/keenan/Documents/rice_device/install/bno055/share/bno055/hook/pythonpath.dsv'
[2.647s] INFO:colcon.colcon_core.shell:Creating environment hook '/home/keenan/Documents/rice_device/install/bno055/share/bno055/hook/pythonpath.sh'
[2.648s] Level 1:colcon.colcon_core.environment:checking '/home/keenan/Documents/rice_device/install/bno055/bin'
[2.648s] Level 1:colcon.colcon_core.environment:create_environment_scripts_only(bno055)
[2.661s] INFO:colcon.colcon_core.shell:Creating package script '/home/keenan/Documents/rice_device/install/bno055/share/bno055/package.ps1'
[2.662s] INFO:colcon.colcon_core.shell:Creating package descriptor '/home/keenan/Documents/rice_device/install/bno055/share/bno055/package.dsv'
[2.662s] INFO:colcon.colcon_core.shell:Creating package script '/home/keenan/Documents/rice_device/install/bno055/share/bno055/package.sh'
[2.663s] INFO:colcon.colcon_core.shell:Creating package script '/home/keenan/Documents/rice_device/install/bno055/share/bno055/package.bash'
[2.664s] INFO:colcon.colcon_core.shell:Creating package script '/home/keenan/Documents/rice_device/install/bno055/share/bno055/package.zsh'
[2.664s] Level 1:colcon.colcon_core.environment:create_file_with_runtime_dependencies(/home/keenan/Documents/rice_device/install/bno055/share/colcon-core/packages/bno055)
[2.666s] DEBUG:colcon.colcon_core.event_handler.log_command:Invoked command in '/home/keenan/Documents/rice_device/ros2_ws/src/euler_angle_extractor' returned '0': PYTHONPATH=/home/keenan/Documents/rice_device/build/euler_angle_extractor/prefix_override:/home/keenan/Documents/rice_device/install/euler_angle_extractor/lib/python3.10/site-packages:${PYTHONPATH} /usr/bin/python3 setup.py egg_info --egg-base ../../../build/euler_angle_extractor build --build-base /home/keenan/Documents/rice_device/build/euler_angle_extractor/build install --record /home/keenan/Documents/rice_device/build/euler_angle_extractor/install.log --single-version-externally-managed
[2.691s] Level 1:colcon.colcon_core.environment:checking '/home/keenan/Documents/rice_device/install/euler_angle_extractor' for CMake module files
[2.692s] Level 1:colcon.colcon_core.environment:checking '/home/keenan/Documents/rice_device/install/euler_angle_extractor' for CMake config files
[2.692s] Level 1:colcon.colcon_core.environment:checking '/home/keenan/Documents/rice_device/install/euler_angle_extractor/lib'
[2.692s] Level 1:colcon.colcon_core.environment:checking '/home/keenan/Documents/rice_device/install/euler_angle_extractor/bin'
[2.692s] Level 1:colcon.colcon_core.environment:checking '/home/keenan/Documents/rice_device/install/euler_angle_extractor/lib/pkgconfig/euler_angle_extractor.pc'
[2.693s] Level 1:colcon.colcon_core.environment:checking '/home/keenan/Documents/rice_device/install/euler_angle_extractor/lib/python3.10/site-packages'
[2.693s] Level 1:colcon.colcon_core.shell:create_environment_hook('euler_angle_extractor', 'pythonpath')
[2.707s] INFO:colcon.colcon_core.shell:Creating environment hook '/home/keenan/Documents/rice_device/install/euler_angle_extractor/share/euler_angle_extractor/hook/pythonpath.ps1'
[2.708s] INFO:colcon.colcon_core.shell:Creating environment descriptor '/home/keenan/Documents/rice_device/install/euler_angle_extractor/share/euler_angle_extractor/hook/pythonpath.dsv'
[2.708s] INFO:colcon.colcon_core.shell:Creating environment hook '/home/keenan/Documents/rice_device/install/euler_angle_extractor/share/euler_angle_extractor/hook/pythonpath.sh'
[2.709s] Level 1:colcon.colcon_core.environment:checking '/home/keenan/Documents/rice_device/install/euler_angle_extractor/bin'
[2.709s] Level 1:colcon.colcon_core.environment:create_environment_scripts_only(euler_angle_extractor)
[2.723s] INFO:colcon.colcon_core.shell:Creating package script '/home/keenan/Documents/rice_device/install/euler_angle_extractor/share/euler_angle_extractor/package.ps1'
[2.723s] INFO:colcon.colcon_core.shell:Creating package descriptor '/home/keenan/Documents/rice_device/install/euler_angle_extractor/share/euler_angle_extractor/package.dsv'
[2.724s] INFO:colcon.colcon_core.shell:Creating package script '/home/keenan/Documents/rice_device/install/euler_angle_extractor/share/euler_angle_extractor/package.sh'
[2.724s] INFO:colcon.colcon_core.shell:Creating package script '/home/keenan/Documents/rice_device/install/euler_angle_extractor/share/euler_angle_extractor/package.bash'
[2.724s] INFO:colcon.colcon_core.shell:Creating package script '/home/keenan/Documents/rice_device/install/euler_angle_extractor/share/euler_angle_extractor/package.zsh'
[2.725s] Level 1:colcon.colcon_core.environment:create_file_with_runtime_dependencies(/home/keenan/Documents/rice_device/install/euler_angle_extractor/share/colcon-core/packages/euler_angle_extractor)
[2.725s] DEBUG:colcon.colcon_parallel_executor.executor.parallel:closing loop
[2.725s] DEBUG:colcon.colcon_parallel_executor.executor.parallel:loop closed
[2.725s] DEBUG:colcon.colcon_parallel_executor.executor.parallel:run_until_complete finished with '0'
[2.726s] DEBUG:colcon.colcon_core.event_reactor:joining thread
[2.747s] INFO:colcon.colcon_core.plugin_system:Skipping extension 'colcon_notification.desktop_notification.terminal_notifier': Not used on non-Darwin systems
[2.747s] INFO:colcon.colcon_core.plugin_system:Skipping extension 'colcon_notification.desktop_notification.win32': Not used on non-Windows systems
[2.747s] INFO:colcon.colcon_notification.desktop_notification:Sending desktop notification using 'notify2'
[2.759s] DEBUG:colcon.colcon_core.event_reactor:joined thread
[2.774s] INFO:colcon.colcon_core.shell:Creating prefix script '/home/keenan/Documents/rice_device/install/local_setup.ps1'
[2.775s] INFO:colcon.colcon_core.shell:Creating prefix util module '/home/keenan/Documents/rice_device/install/_local_setup_util_ps1.py'
[2.777s] INFO:colcon.colcon_core.shell:Creating prefix chain script '/home/keenan/Documents/rice_device/install/setup.ps1'
[2.793s] INFO:colcon.colcon_core.shell:Creating prefix script '/home/keenan/Documents/rice_device/install/local_setup.sh'
[2.793s] INFO:colcon.colcon_core.shell:Creating prefix util module '/home/keenan/Documents/rice_device/install/_local_setup_util_sh.py'
[2.794s] INFO:colcon.colcon_core.shell:Creating prefix chain script '/home/keenan/Documents/rice_device/install/setup.sh'
[2.808s] INFO:colcon.colcon_core.shell:Creating prefix script '/home/keenan/Documents/rice_device/install/local_setup.bash'
[2.809s] INFO:colcon.colcon_core.shell:Creating prefix chain script '/home/keenan/Documents/rice_device/install/setup.bash'
[2.823s] INFO:colcon.colcon_core.shell:Creating prefix script '/home/keenan/Documents/rice_device/install/local_setup.zsh'
[2.824s] INFO:colcon.colcon_core.shell:Creating prefix chain script '/home/keenan/Documents/rice_device/install/setup.zsh'
