[1.009s] Invoking command in '/home/keenan/Documents/rice_device/ros2_ws/src/bno055-0.3.0': PYTHONPATH=/home/keenan/Documents/rice_device/ros2_ws/build/bno055/prefix_override:/home/keenan/Documents/rice_device/ros2_ws/install/bno055/lib/python3.10/site-packages:${PYTHONPATH} /usr/bin/python3 setup.py egg_info --egg-base ../../build/bno055 build --build-base /home/keenan/Documents/rice_device/ros2_ws/build/bno055/build install --record /home/keenan/Documents/rice_device/ros2_ws/build/bno055/install.log --single-version-externally-managed
[1.277s] running egg_info
[1.278s] creating ../../build/bno055/bno055.egg-info
[1.278s] writing ../../build/bno055/bno055.egg-info/PKG-INFO
[1.278s] writing dependency_links to ../../build/bno055/bno055.egg-info/dependency_links.txt
[1.278s] writing entry points to ../../build/bno055/bno055.egg-info/entry_points.txt
[1.279s] writing requirements to ../../build/bno055/bno055.egg-info/requires.txt
[1.279s] writing top-level names to ../../build/bno055/bno055.egg-info/top_level.txt
[1.279s] writing manifest file '../../build/bno055/bno055.egg-info/SOURCES.txt'
[1.281s] reading manifest file '../../build/bno055/bno055.egg-info/SOURCES.txt'
[1.282s] adding license file 'LICENSE'
[1.282s] adding license file 'AUTHORS'
[1.282s] writing manifest file '../../build/bno055/bno055.egg-info/SOURCES.txt'
[1.283s] running build
[1.283s] running build_py
[1.283s] creating /home/keenan/Documents/rice_device/ros2_ws/build/bno055/build
[1.283s] creating /home/keenan/Documents/rice_device/ros2_ws/build/bno055/build/lib
[1.283s] creating /home/keenan/Documents/rice_device/ros2_ws/build/bno055/build/lib/bno055
[1.283s] copying bno055/__init__.py -> /home/keenan/Documents/rice_device/ros2_ws/build/bno055/build/lib/bno055
[1.283s] copying bno055/bno055.py -> /home/keenan/Documents/rice_device/ros2_ws/build/bno055/build/lib/bno055
[1.283s] copying bno055/registers.py -> /home/keenan/Documents/rice_device/ros2_ws/build/bno055/build/lib/bno055
[1.284s] creating /home/keenan/Documents/rice_device/ros2_ws/build/bno055/build/lib/bno055/sensor
[1.284s] copying bno055/sensor/__init__.py -> /home/keenan/Documents/rice_device/ros2_ws/build/bno055/build/lib/bno055/sensor
[1.284s] copying bno055/sensor/SensorService.py -> /home/keenan/Documents/rice_device/ros2_ws/build/bno055/build/lib/bno055/sensor
[1.284s] creating /home/keenan/Documents/rice_device/ros2_ws/build/bno055/build/lib/bno055/params
[1.284s] copying bno055/params/__init__.py -> /home/keenan/Documents/rice_device/ros2_ws/build/bno055/build/lib/bno055/params
[1.284s] copying bno055/params/NodeParameters.py -> /home/keenan/Documents/rice_device/ros2_ws/build/bno055/build/lib/bno055/params
[1.285s] creating /home/keenan/Documents/rice_device/ros2_ws/build/bno055/build/lib/bno055/error_handling
[1.285s] copying bno055/error_handling/__init__.py -> /home/keenan/Documents/rice_device/ros2_ws/build/bno055/build/lib/bno055/error_handling
[1.285s] copying bno055/error_handling/exceptions.py -> /home/keenan/Documents/rice_device/ros2_ws/build/bno055/build/lib/bno055/error_handling
[1.285s] creating /home/keenan/Documents/rice_device/ros2_ws/build/bno055/build/lib/bno055/connectors
[1.285s] copying bno055/connectors/uart.py -> /home/keenan/Documents/rice_device/ros2_ws/build/bno055/build/lib/bno055/connectors
[1.285s] copying bno055/connectors/__init__.py -> /home/keenan/Documents/rice_device/ros2_ws/build/bno055/build/lib/bno055/connectors
[1.285s] copying bno055/connectors/Connector.py -> /home/keenan/Documents/rice_device/ros2_ws/build/bno055/build/lib/bno055/connectors
[1.285s] copying bno055/connectors/i2c.py -> /home/keenan/Documents/rice_device/ros2_ws/build/bno055/build/lib/bno055/connectors
[1.286s] running install
[1.286s] running install_lib
[1.287s] creating /home/keenan/Documents/rice_device/ros2_ws/install/bno055/lib/python3.10/site-packages/bno055
[1.288s] copying /home/keenan/Documents/rice_device/ros2_ws/build/bno055/build/lib/bno055/__init__.py -> /home/keenan/Documents/rice_device/ros2_ws/install/bno055/lib/python3.10/site-packages/bno055
[1.288s] creating /home/keenan/Documents/rice_device/ros2_ws/install/bno055/lib/python3.10/site-packages/bno055/sensor
[1.288s] copying /home/keenan/Documents/rice_device/ros2_ws/build/bno055/build/lib/bno055/sensor/__init__.py -> /home/keenan/Documents/rice_device/ros2_ws/install/bno055/lib/python3.10/site-packages/bno055/sensor
[1.288s] copying /home/keenan/Documents/rice_device/ros2_ws/build/bno055/build/lib/bno055/sensor/SensorService.py -> /home/keenan/Documents/rice_device/ros2_ws/install/bno055/lib/python3.10/site-packages/bno055/sensor
[1.288s] copying /home/keenan/Documents/rice_device/ros2_ws/build/bno055/build/lib/bno055/bno055.py -> /home/keenan/Documents/rice_device/ros2_ws/install/bno055/lib/python3.10/site-packages/bno055
[1.288s] creating /home/keenan/Documents/rice_device/ros2_ws/install/bno055/lib/python3.10/site-packages/bno055/params
[1.288s] copying /home/keenan/Documents/rice_device/ros2_ws/build/bno055/build/lib/bno055/params/__init__.py -> /home/keenan/Documents/rice_device/ros2_ws/install/bno055/lib/python3.10/site-packages/bno055/params
[1.288s] copying /home/keenan/Documents/rice_device/ros2_ws/build/bno055/build/lib/bno055/params/NodeParameters.py -> /home/keenan/Documents/rice_device/ros2_ws/install/bno055/lib/python3.10/site-packages/bno055/params
[1.289s] creating /home/keenan/Documents/rice_device/ros2_ws/install/bno055/lib/python3.10/site-packages/bno055/error_handling
[1.289s] copying /home/keenan/Documents/rice_device/ros2_ws/build/bno055/build/lib/bno055/error_handling/__init__.py -> /home/keenan/Documents/rice_device/ros2_ws/install/bno055/lib/python3.10/site-packages/bno055/error_handling
[1.289s] copying /home/keenan/Documents/rice_device/ros2_ws/build/bno055/build/lib/bno055/error_handling/exceptions.py -> /home/keenan/Documents/rice_device/ros2_ws/install/bno055/lib/python3.10/site-packages/bno055/error_handling
[1.289s] copying /home/keenan/Documents/rice_device/ros2_ws/build/bno055/build/lib/bno055/registers.py -> /home/keenan/Documents/rice_device/ros2_ws/install/bno055/lib/python3.10/site-packages/bno055
[1.289s] creating /home/keenan/Documents/rice_device/ros2_ws/install/bno055/lib/python3.10/site-packages/bno055/connectors
[1.289s] copying /home/keenan/Documents/rice_device/ros2_ws/build/bno055/build/lib/bno055/connectors/uart.py -> /home/keenan/Documents/rice_device/ros2_ws/install/bno055/lib/python3.10/site-packages/bno055/connectors
[1.289s] copying /home/keenan/Documents/rice_device/ros2_ws/build/bno055/build/lib/bno055/connectors/__init__.py -> /home/keenan/Documents/rice_device/ros2_ws/install/bno055/lib/python3.10/site-packages/bno055/connectors
[1.289s] copying /home/keenan/Documents/rice_device/ros2_ws/build/bno055/build/lib/bno055/connectors/Connector.py -> /home/keenan/Documents/rice_device/ros2_ws/install/bno055/lib/python3.10/site-packages/bno055/connectors
[1.290s] copying /home/keenan/Documents/rice_device/ros2_ws/build/bno055/build/lib/bno055/connectors/i2c.py -> /home/keenan/Documents/rice_device/ros2_ws/install/bno055/lib/python3.10/site-packages/bno055/connectors
[1.290s] byte-compiling /home/keenan/Documents/rice_device/ros2_ws/install/bno055/lib/python3.10/site-packages/bno055/__init__.py to __init__.cpython-310.pyc
[1.290s] byte-compiling /home/keenan/Documents/rice_device/ros2_ws/install/bno055/lib/python3.10/site-packages/bno055/sensor/__init__.py to __init__.cpython-310.pyc
[1.290s] byte-compiling /home/keenan/Documents/rice_device/ros2_ws/install/bno055/lib/python3.10/site-packages/bno055/sensor/SensorService.py to SensorService.cpython-310.pyc
[1.293s] byte-compiling /home/keenan/Documents/rice_device/ros2_ws/install/bno055/lib/python3.10/site-packages/bno055/bno055.py to bno055.cpython-310.pyc
[1.293s] byte-compiling /home/keenan/Documents/rice_device/ros2_ws/install/bno055/lib/python3.10/site-packages/bno055/params/__init__.py to __init__.cpython-310.pyc
[1.294s] byte-compiling /home/keenan/Documents/rice_device/ros2_ws/install/bno055/lib/python3.10/site-packages/bno055/params/NodeParameters.py to NodeParameters.cpython-310.pyc
[1.294s] byte-compiling /home/keenan/Documents/rice_device/ros2_ws/install/bno055/lib/python3.10/site-packages/bno055/error_handling/__init__.py to __init__.cpython-310.pyc
[1.295s] byte-compiling /home/keenan/Documents/rice_device/ros2_ws/install/bno055/lib/python3.10/site-packages/bno055/error_handling/exceptions.py to exceptions.cpython-310.pyc
[1.295s] byte-compiling /home/keenan/Documents/rice_device/ros2_ws/install/bno055/lib/python3.10/site-packages/bno055/registers.py to registers.cpython-310.pyc
[1.295s] byte-compiling /home/keenan/Documents/rice_device/ros2_ws/install/bno055/lib/python3.10/site-packages/bno055/connectors/uart.py to uart.cpython-310.pyc
[1.296s] byte-compiling /home/keenan/Documents/rice_device/ros2_ws/install/bno055/lib/python3.10/site-packages/bno055/connectors/__init__.py to __init__.cpython-310.pyc
[1.296s] byte-compiling /home/keenan/Documents/rice_device/ros2_ws/install/bno055/lib/python3.10/site-packages/bno055/connectors/Connector.py to Connector.cpython-310.pyc
[1.297s] byte-compiling /home/keenan/Documents/rice_device/ros2_ws/install/bno055/lib/python3.10/site-packages/bno055/connectors/i2c.py to i2c.cpython-310.pyc
[1.297s] running install_data
[1.297s] creating /home/keenan/Documents/rice_device/ros2_ws/install/bno055/share/ament_index
[1.297s] creating /home/keenan/Documents/rice_device/ros2_ws/install/bno055/share/ament_index/resource_index
[1.298s] creating /home/keenan/Documents/rice_device/ros2_ws/install/bno055/share/ament_index/resource_index/packages
[1.298s] copying resource/bno055 -> /home/keenan/Documents/rice_device/ros2_ws/install/bno055/share/ament_index/resource_index/packages
[1.298s] copying package.xml -> /home/keenan/Documents/rice_device/ros2_ws/install/bno055/share/bno055
[1.298s] creating /home/keenan/Documents/rice_device/ros2_ws/install/bno055/share/bno055/launch
[1.298s] copying launch/bno055.launch.py -> /home/keenan/Documents/rice_device/ros2_ws/install/bno055/share/bno055/launch
[1.298s] creating /home/keenan/Documents/rice_device/ros2_ws/install/bno055/share/bno055/config
[1.298s] copying bno055/params/bno055_params.yaml -> /home/keenan/Documents/rice_device/ros2_ws/install/bno055/share/bno055/config
[1.298s] running install_egg_info
[1.300s] Copying ../../build/bno055/bno055.egg-info to /home/keenan/Documents/rice_device/ros2_ws/install/bno055/lib/python3.10/site-packages/bno055-0.3.0-py3.10.egg-info
[1.301s] running install_scripts
[1.322s] Installing bno055 script to /home/keenan/Documents/rice_device/ros2_ws/install/bno055/lib/bno055
[1.323s] writing list of installed files to '/home/keenan/Documents/rice_device/ros2_ws/build/bno055/install.log'
[1.349s] Invoked command in '/home/keenan/Documents/rice_device/ros2_ws/src/bno055-0.3.0' returned '0': PYTHONPATH=/home/keenan/Documents/rice_device/ros2_ws/build/bno055/prefix_override:/home/keenan/Documents/rice_device/ros2_ws/install/bno055/lib/python3.10/site-packages:${PYTHONPATH} /usr/bin/python3 setup.py egg_info --egg-base ../../build/bno055 build --build-base /home/keenan/Documents/rice_device/ros2_ws/build/bno055/build install --record /home/keenan/Documents/rice_device/ros2_ws/build/bno055/install.log --single-version-externally-managed
