[0.781s] Invoking command in '/home/keenan/Documents/rice_device/ros2_ws/src/bno055-0.3.0': PYTHONPATH=/home/keenan/Documents/rice_device/ros2_ws/build/bno055/prefix_override:/home/keenan/Documents/rice_device/ros2_ws/install/bno055/lib/python3.10/site-packages:${PYTHONPATH} /usr/bin/python3 setup.py egg_info --egg-base ../../build/bno055 build --build-base /home/keenan/Documents/rice_device/ros2_ws/build/bno055/build install --record /home/keenan/Documents/rice_device/ros2_ws/build/bno055/install.log --single-version-externally-managed
[1.032s] running egg_info
[1.033s] creating ../../build/bno055/bno055.egg-info
[1.033s] writing ../../build/bno055/bno055.egg-info/PKG-INFO
[1.034s] writing dependency_links to ../../build/bno055/bno055.egg-info/dependency_links.txt
[1.034s] writing entry points to ../../build/bno055/bno055.egg-info/entry_points.txt
[1.034s] writing requirements to ../../build/bno055/bno055.egg-info/requires.txt
[1.034s] writing top-level names to ../../build/bno055/bno055.egg-info/top_level.txt
[1.034s] writing manifest file '../../build/bno055/bno055.egg-info/SOURCES.txt'
[1.038s] reading manifest file '../../build/bno055/bno055.egg-info/SOURCES.txt'
[1.038s] adding license file 'LICENSE'
[1.038s] adding license file 'AUTHORS'
[1.039s] writing manifest file '../../build/bno055/bno055.egg-info/SOURCES.txt'
[1.039s] running build
[1.039s] running build_py
[1.039s] creating /home/keenan/Documents/rice_device/ros2_ws/build/bno055/build
[1.040s] creating /home/keenan/Documents/rice_device/ros2_ws/build/bno055/build/lib
[1.040s] creating /home/keenan/Documents/rice_device/ros2_ws/build/bno055/build/lib/bno055
[1.040s] copying bno055/__init__.py -> /home/keenan/Documents/rice_device/ros2_ws/build/bno055/build/lib/bno055
[1.040s] copying bno055/bno055.py -> /home/keenan/Documents/rice_device/ros2_ws/build/bno055/build/lib/bno055
[1.040s] copying bno055/registers.py -> /home/keenan/Documents/rice_device/ros2_ws/build/bno055/build/lib/bno055
[1.041s] creating /home/keenan/Documents/rice_device/ros2_ws/build/bno055/build/lib/bno055/sensor
[1.041s] copying bno055/sensor/__init__.py -> /home/keenan/Documents/rice_device/ros2_ws/build/bno055/build/lib/bno055/sensor
[1.041s] copying bno055/sensor/SensorService.py -> /home/keenan/Documents/rice_device/ros2_ws/build/bno055/build/lib/bno055/sensor
[1.041s] creating /home/keenan/Documents/rice_device/ros2_ws/build/bno055/build/lib/bno055/params
[1.041s] copying bno055/params/__init__.py -> /home/keenan/Documents/rice_device/ros2_ws/build/bno055/build/lib/bno055/params
[1.042s] copying bno055/params/NodeParameters.py -> /home/keenan/Documents/rice_device/ros2_ws/build/bno055/build/lib/bno055/params
[1.042s] creating /home/keenan/Documents/rice_device/ros2_ws/build/bno055/build/lib/bno055/error_handling
[1.042s] copying bno055/error_handling/__init__.py -> /home/keenan/Documents/rice_device/ros2_ws/build/bno055/build/lib/bno055/error_handling
[1.042s] copying bno055/error_handling/exceptions.py -> /home/keenan/Documents/rice_device/ros2_ws/build/bno055/build/lib/bno055/error_handling
[1.042s] creating /home/keenan/Documents/rice_device/ros2_ws/build/bno055/build/lib/bno055/connectors
[1.043s] copying bno055/connectors/uart.py -> /home/keenan/Documents/rice_device/ros2_ws/build/bno055/build/lib/bno055/connectors
[1.043s] copying bno055/connectors/__init__.py -> /home/keenan/Documents/rice_device/ros2_ws/build/bno055/build/lib/bno055/connectors
[1.043s] copying bno055/connectors/Connector.py -> /home/keenan/Documents/rice_device/ros2_ws/build/bno055/build/lib/bno055/connectors
[1.043s] copying bno055/connectors/i2c.py -> /home/keenan/Documents/rice_device/ros2_ws/build/bno055/build/lib/bno055/connectors
[1.044s] running install
[1.044s] running install_lib
[1.045s] creating /home/keenan/Documents/rice_device/ros2_ws/install/bno055/lib/python3.10/site-packages/bno055
[1.045s] copying /home/keenan/Documents/rice_device/ros2_ws/build/bno055/build/lib/bno055/__init__.py -> /home/keenan/Documents/rice_device/ros2_ws/install/bno055/lib/python3.10/site-packages/bno055
[1.046s] creating /home/keenan/Documents/rice_device/ros2_ws/install/bno055/lib/python3.10/site-packages/bno055/sensor
[1.046s] copying /home/keenan/Documents/rice_device/ros2_ws/build/bno055/build/lib/bno055/sensor/__init__.py -> /home/keenan/Documents/rice_device/ros2_ws/install/bno055/lib/python3.10/site-packages/bno055/sensor
[1.046s] copying /home/keenan/Documents/rice_device/ros2_ws/build/bno055/build/lib/bno055/sensor/SensorService.py -> /home/keenan/Documents/rice_device/ros2_ws/install/bno055/lib/python3.10/site-packages/bno055/sensor
[1.046s] copying /home/keenan/Documents/rice_device/ros2_ws/build/bno055/build/lib/bno055/bno055.py -> /home/keenan/Documents/rice_device/ros2_ws/install/bno055/lib/python3.10/site-packages/bno055
[1.046s] creating /home/keenan/Documents/rice_device/ros2_ws/install/bno055/lib/python3.10/site-packages/bno055/params
[1.046s] copying /home/keenan/Documents/rice_device/ros2_ws/build/bno055/build/lib/bno055/params/__init__.py -> /home/keenan/Documents/rice_device/ros2_ws/install/bno055/lib/python3.10/site-packages/bno055/params
[1.046s] copying /home/keenan/Documents/rice_device/ros2_ws/build/bno055/build/lib/bno055/params/NodeParameters.py -> /home/keenan/Documents/rice_device/ros2_ws/install/bno055/lib/python3.10/site-packages/bno055/params
[1.047s] creating /home/keenan/Documents/rice_device/ros2_ws/install/bno055/lib/python3.10/site-packages/bno055/error_handling
[1.047s] copying /home/keenan/Documents/rice_device/ros2_ws/build/bno055/build/lib/bno055/error_handling/__init__.py -> /home/keenan/Documents/rice_device/ros2_ws/install/bno055/lib/python3.10/site-packages/bno055/error_handling
[1.047s] copying /home/keenan/Documents/rice_device/ros2_ws/build/bno055/build/lib/bno055/error_handling/exceptions.py -> /home/keenan/Documents/rice_device/ros2_ws/install/bno055/lib/python3.10/site-packages/bno055/error_handling
[1.047s] copying /home/keenan/Documents/rice_device/ros2_ws/build/bno055/build/lib/bno055/registers.py -> /home/keenan/Documents/rice_device/ros2_ws/install/bno055/lib/python3.10/site-packages/bno055
[1.047s] creating /home/keenan/Documents/rice_device/ros2_ws/install/bno055/lib/python3.10/site-packages/bno055/connectors
[1.047s] copying /home/keenan/Documents/rice_device/ros2_ws/build/bno055/build/lib/bno055/connectors/uart.py -> /home/keenan/Documents/rice_device/ros2_ws/install/bno055/lib/python3.10/site-packages/bno055/connectors
[1.048s] copying /home/keenan/Documents/rice_device/ros2_ws/build/bno055/build/lib/bno055/connectors/__init__.py -> /home/keenan/Documents/rice_device/ros2_ws/install/bno055/lib/python3.10/site-packages/bno055/connectors
[1.048s] copying /home/keenan/Documents/rice_device/ros2_ws/build/bno055/build/lib/bno055/connectors/Connector.py -> /home/keenan/Documents/rice_device/ros2_ws/install/bno055/lib/python3.10/site-packages/bno055/connectors
[1.048s] copying /home/keenan/Documents/rice_device/ros2_ws/build/bno055/build/lib/bno055/connectors/i2c.py -> /home/keenan/Documents/rice_device/ros2_ws/install/bno055/lib/python3.10/site-packages/bno055/connectors
[1.049s] byte-compiling /home/keenan/Documents/rice_device/ros2_ws/install/bno055/lib/python3.10/site-packages/bno055/__init__.py to __init__.cpython-310.pyc
[1.049s] byte-compiling /home/keenan/Documents/rice_device/ros2_ws/install/bno055/lib/python3.10/site-packages/bno055/sensor/__init__.py to __init__.cpython-310.pyc
[1.049s] byte-compiling /home/keenan/Documents/rice_device/ros2_ws/install/bno055/lib/python3.10/site-packages/bno055/sensor/SensorService.py to SensorService.cpython-310.pyc
[1.052s] byte-compiling /home/keenan/Documents/rice_device/ros2_ws/install/bno055/lib/python3.10/site-packages/bno055/bno055.py to bno055.cpython-310.pyc
[1.053s] byte-compiling /home/keenan/Documents/rice_device/ros2_ws/install/bno055/lib/python3.10/site-packages/bno055/params/__init__.py to __init__.cpython-310.pyc
[1.053s] byte-compiling /home/keenan/Documents/rice_device/ros2_ws/install/bno055/lib/python3.10/site-packages/bno055/params/NodeParameters.py to NodeParameters.cpython-310.pyc
[1.054s] byte-compiling /home/keenan/Documents/rice_device/ros2_ws/install/bno055/lib/python3.10/site-packages/bno055/error_handling/__init__.py to __init__.cpython-310.pyc
[1.054s] byte-compiling /home/keenan/Documents/rice_device/ros2_ws/install/bno055/lib/python3.10/site-packages/bno055/error_handling/exceptions.py to exceptions.cpython-310.pyc
[1.054s] byte-compiling /home/keenan/Documents/rice_device/ros2_ws/install/bno055/lib/python3.10/site-packages/bno055/registers.py to registers.cpython-310.pyc
[1.055s] byte-compiling /home/keenan/Documents/rice_device/ros2_ws/install/bno055/lib/python3.10/site-packages/bno055/connectors/uart.py to uart.cpython-310.pyc
[1.055s] byte-compiling /home/keenan/Documents/rice_device/ros2_ws/install/bno055/lib/python3.10/site-packages/bno055/connectors/__init__.py to __init__.cpython-310.pyc
[1.055s] byte-compiling /home/keenan/Documents/rice_device/ros2_ws/install/bno055/lib/python3.10/site-packages/bno055/connectors/Connector.py to Connector.cpython-310.pyc
[1.056s] byte-compiling /home/keenan/Documents/rice_device/ros2_ws/install/bno055/lib/python3.10/site-packages/bno055/connectors/i2c.py to i2c.cpython-310.pyc
[1.056s] running install_data
[1.057s] creating /home/keenan/Documents/rice_device/ros2_ws/install/bno055/share/ament_index
[1.057s] creating /home/keenan/Documents/rice_device/ros2_ws/install/bno055/share/ament_index/resource_index
[1.057s] creating /home/keenan/Documents/rice_device/ros2_ws/install/bno055/share/ament_index/resource_index/packages
[1.057s] copying resource/bno055 -> /home/keenan/Documents/rice_device/ros2_ws/install/bno055/share/ament_index/resource_index/packages
[1.057s] copying package.xml -> /home/keenan/Documents/rice_device/ros2_ws/install/bno055/share/bno055
[1.057s] creating /home/keenan/Documents/rice_device/ros2_ws/install/bno055/share/bno055/launch
[1.057s] copying launch/bno055.launch.py -> /home/keenan/Documents/rice_device/ros2_ws/install/bno055/share/bno055/launch
[1.058s] creating /home/keenan/Documents/rice_device/ros2_ws/install/bno055/share/bno055/config
[1.058s] copying bno055/params/bno055_params.yaml -> /home/keenan/Documents/rice_device/ros2_ws/install/bno055/share/bno055/config
[1.058s] running install_egg_info
[1.059s] Copying ../../build/bno055/bno055.egg-info to /home/keenan/Documents/rice_device/ros2_ws/install/bno055/lib/python3.10/site-packages/bno055-0.3.0-py3.10.egg-info
[1.060s] running install_scripts
[1.081s] Installing bno055 script to /home/keenan/Documents/rice_device/ros2_ws/install/bno055/lib/bno055
[1.081s] writing list of installed files to '/home/keenan/Documents/rice_device/ros2_ws/build/bno055/install.log'
[1.107s] Invoked command in '/home/keenan/Documents/rice_device/ros2_ws/src/bno055-0.3.0' returned '0': PYTHONPATH=/home/keenan/Documents/rice_device/ros2_ws/build/bno055/prefix_override:/home/keenan/Documents/rice_device/ros2_ws/install/bno055/lib/python3.10/site-packages:${PYTHONPATH} /usr/bin/python3 setup.py egg_info --egg-base ../../build/bno055 build --build-base /home/keenan/Documents/rice_device/ros2_ws/build/bno055/build install --record /home/keenan/Documents/rice_device/ros2_ws/build/bno055/install.log --single-version-externally-managed
