[0.807s] Invoking command in '/home/keenan/Documents/rice_device/ros2_ws/src/bno055-0.3.0': PYTHONPATH=/home/keenan/Documents/rice_device/ros2_ws/build/bno055/prefix_override:/home/keenan/Documents/rice_device/ros2_ws/install/bno055/lib/python3.10/site-packages:${PYTHONPATH} /usr/bin/python3 setup.py egg_info --egg-base ../../build/bno055 build --build-base /home/keenan/Documents/rice_device/ros2_ws/build/bno055/build install --record /home/keenan/Documents/rice_device/ros2_ws/build/bno055/install.log --single-version-externally-managed
[1.045s] running egg_info
[1.045s] writing ../../build/bno055/bno055.egg-info/PKG-INFO
[1.046s] writing dependency_links to ../../build/bno055/bno055.egg-info/dependency_links.txt
[1.046s] writing entry points to ../../build/bno055/bno055.egg-info/entry_points.txt
[1.046s] writing requirements to ../../build/bno055/bno055.egg-info/requires.txt
[1.046s] writing top-level names to ../../build/bno055/bno055.egg-info/top_level.txt
[1.049s] reading manifest file '../../build/bno055/bno055.egg-info/SOURCES.txt'
[1.049s] adding license file 'LICENSE'
[1.050s] adding license file 'AUTHORS'
[1.050s] writing manifest file '../../build/bno055/bno055.egg-info/SOURCES.txt'
[1.050s] running build
[1.050s] running build_py
[1.051s] copying bno055/bno055.py -> /home/keenan/Documents/rice_device/ros2_ws/build/bno055/build/lib/bno055
[1.052s] copying bno055/connectors/uart.py -> /home/keenan/Documents/rice_device/ros2_ws/build/bno055/build/lib/bno055/connectors
[1.052s] running install
[1.053s] running install_lib
[1.054s] copying /home/keenan/Documents/rice_device/ros2_ws/build/bno055/build/lib/bno055/bno055.py -> /home/keenan/Documents/rice_device/ros2_ws/install/bno055/lib/python3.10/site-packages/bno055
[1.054s] copying /home/keenan/Documents/rice_device/ros2_ws/build/bno055/build/lib/bno055/connectors/uart.py -> /home/keenan/Documents/rice_device/ros2_ws/install/bno055/lib/python3.10/site-packages/bno055/connectors
[1.055s] byte-compiling /home/keenan/Documents/rice_device/ros2_ws/install/bno055/lib/python3.10/site-packages/bno055/bno055.py to bno055.cpython-310.pyc
[1.056s] byte-compiling /home/keenan/Documents/rice_device/ros2_ws/install/bno055/lib/python3.10/site-packages/bno055/connectors/uart.py to uart.cpython-310.pyc
[1.057s] running install_data
[1.057s] running install_egg_info
[1.059s] removing '/home/keenan/Documents/rice_device/ros2_ws/install/bno055/lib/python3.10/site-packages/bno055-0.3.0-py3.10.egg-info' (and everything under it)
[1.060s] Copying ../../build/bno055/bno055.egg-info to /home/keenan/Documents/rice_device/ros2_ws/install/bno055/lib/python3.10/site-packages/bno055-0.3.0-py3.10.egg-info
[1.061s] running install_scripts
[1.081s] Installing bno055 script to /home/keenan/Documents/rice_device/ros2_ws/install/bno055/lib/bno055
[1.082s] writing list of installed files to '/home/keenan/Documents/rice_device/ros2_ws/build/bno055/install.log'
[1.106s] Invoked command in '/home/keenan/Documents/rice_device/ros2_ws/src/bno055-0.3.0' returned '0': PYTHONPATH=/home/keenan/Documents/rice_device/ros2_ws/build/bno055/prefix_override:/home/keenan/Documents/rice_device/ros2_ws/install/bno055/lib/python3.10/site-packages:${PYTHONPATH} /usr/bin/python3 setup.py egg_info --egg-base ../../build/bno055 build --build-base /home/keenan/Documents/rice_device/ros2_ws/build/bno055/build install --record /home/keenan/Documents/rice_device/ros2_ws/build/bno055/install.log --single-version-externally-managed
