[1.378s] Invoking command in '/home/keenan/Documents/rice_device/ros2_ws/src/euler_angle_extractor': PYTHONPATH=/home/keenan/Documents/rice_device/ros2_ws/build/euler_angle_extractor/prefix_override:/home/keenan/Documents/rice_device/ros2_ws/install/euler_angle_extractor/lib/python3.10/site-packages:${PYTHONPATH} /usr/bin/python3 setup.py egg_info --egg-base ../../build/euler_angle_extractor build --build-base /home/keenan/Documents/rice_device/ros2_ws/build/euler_angle_extractor/build install --record /home/keenan/Documents/rice_device/ros2_ws/build/euler_angle_extractor/install.log --single-version-externally-managed
[1.789s] running egg_info
[1.791s] creating ../../build/euler_angle_extractor/euler_angle_extractor.egg-info
[1.791s] writing ../../build/euler_angle_extractor/euler_angle_extractor.egg-info/PKG-INFO
[1.791s] writing dependency_links to ../../build/euler_angle_extractor/euler_angle_extractor.egg-info/dependency_links.txt
[1.794s] writing entry points to ../../build/euler_angle_extractor/euler_angle_extractor.egg-info/entry_points.txt
[1.794s] writing requirements to ../../build/euler_angle_extractor/euler_angle_extractor.egg-info/requires.txt
[1.794s] writing top-level names to ../../build/euler_angle_extractor/euler_angle_extractor.egg-info/top_level.txt
[1.794s] writing manifest file '../../build/euler_angle_extractor/euler_angle_extractor.egg-info/SOURCES.txt'
[1.796s] reading manifest file '../../build/euler_angle_extractor/euler_angle_extractor.egg-info/SOURCES.txt'
[1.797s] writing manifest file '../../build/euler_angle_extractor/euler_angle_extractor.egg-info/SOURCES.txt'
[1.797s] running build
[1.798s] running build_py
[1.798s] creating /home/keenan/Documents/rice_device/ros2_ws/build/euler_angle_extractor/build
[1.798s] creating /home/keenan/Documents/rice_device/ros2_ws/build/euler_angle_extractor/build/lib
[1.798s] creating /home/keenan/Documents/rice_device/ros2_ws/build/euler_angle_extractor/build/lib/euler_angle_extractor
[1.798s] copying euler_angle_extractor/__init__.py -> /home/keenan/Documents/rice_device/ros2_ws/build/euler_angle_extractor/build/lib/euler_angle_extractor
[1.800s] copying euler_angle_extractor/euler_angle_extractor.py -> /home/keenan/Documents/rice_device/ros2_ws/build/euler_angle_extractor/build/lib/euler_angle_extractor
[1.801s] running install
[1.801s] running install_lib
[1.801s] creating /home/keenan/Documents/rice_device/ros2_ws/install/euler_angle_extractor/lib/python3.10/site-packages/euler_angle_extractor
[1.801s] copying /home/keenan/Documents/rice_device/ros2_ws/build/euler_angle_extractor/build/lib/euler_angle_extractor/__init__.py -> /home/keenan/Documents/rice_device/ros2_ws/install/euler_angle_extractor/lib/python3.10/site-packages/euler_angle_extractor
[1.801s] copying /home/keenan/Documents/rice_device/ros2_ws/build/euler_angle_extractor/build/lib/euler_angle_extractor/euler_angle_extractor.py -> /home/keenan/Documents/rice_device/ros2_ws/install/euler_angle_extractor/lib/python3.10/site-packages/euler_angle_extractor
[1.802s] byte-compiling /home/keenan/Documents/rice_device/ros2_ws/install/euler_angle_extractor/lib/python3.10/site-packages/euler_angle_extractor/__init__.py to __init__.cpython-310.pyc
[1.803s] byte-compiling /home/keenan/Documents/rice_device/ros2_ws/install/euler_angle_extractor/lib/python3.10/site-packages/euler_angle_extractor/euler_angle_extractor.py to euler_angle_extractor.cpython-310.pyc
[1.806s] running install_data
[1.806s] creating /home/keenan/Documents/rice_device/ros2_ws/install/euler_angle_extractor/share/ament_index
[1.807s] creating /home/keenan/Documents/rice_device/ros2_ws/install/euler_angle_extractor/share/ament_index/resource_index
[1.807s] creating /home/keenan/Documents/rice_device/ros2_ws/install/euler_angle_extractor/share/ament_index/resource_index/packages
[1.807s] copying resource/euler_angle_extractor -> /home/keenan/Documents/rice_device/ros2_ws/install/euler_angle_extractor/share/ament_index/resource_index/packages
[1.807s] copying package.xml -> /home/keenan/Documents/rice_device/ros2_ws/install/euler_angle_extractor/share/euler_angle_extractor
[1.807s] running install_egg_info
[1.810s] Copying ../../build/euler_angle_extractor/euler_angle_extractor.egg-info to /home/keenan/Documents/rice_device/ros2_ws/install/euler_angle_extractor/lib/python3.10/site-packages/euler_angle_extractor-0.0.0-py3.10.egg-info
[1.813s] running install_scripts
[1.850s] Installing euler_angle_extractor script to /home/keenan/Documents/rice_device/ros2_ws/install/euler_angle_extractor/lib/euler_angle_extractor
[1.851s] writing list of installed files to '/home/keenan/Documents/rice_device/ros2_ws/build/euler_angle_extractor/install.log'
[1.917s] Invoked command in '/home/keenan/Documents/rice_device/ros2_ws/src/euler_angle_extractor' returned '0': PYTHONPATH=/home/keenan/Documents/rice_device/ros2_ws/build/euler_angle_extractor/prefix_override:/home/keenan/Documents/rice_device/ros2_ws/install/euler_angle_extractor/lib/python3.10/site-packages:${PYTHONPATH} /usr/bin/python3 setup.py egg_info --egg-base ../../build/euler_angle_extractor build --build-base /home/keenan/Documents/rice_device/ros2_ws/build/euler_angle_extractor/build install --record /home/keenan/Documents/rice_device/ros2_ws/build/euler_angle_extractor/install.log --single-version-externally-managed
