[1.072s] DEBUG:colcon:Command line arguments: ['/usr/bin/colcon', 'build']
[1.072s] DEBUG:colcon:Parsed command line arguments: Namespace(log_base=None, log_level=None, verb_name='build', build_base='build', install_base='install', merge_install=False, symlink_install=False, test_result_base=None, continue_on_error=False, executor='parallel', parallel_workers=4, event_handlers=None, ignore_user_meta=False, metas=['./colcon.meta'], base_paths=['.'], packages_ignore=None, packages_ignore_regex=None, paths=None, packages_up_to=None, packages_up_to_regex=None, packages_above=None, packages_above_and_dependencies=None, packages_above_depth=None, packages_select_by_dep=None, packages_skip_by_dep=None, packages_skip_up_to=None, packages_select_build_failed=False, packages_skip_build_finished=False, packages_select_test_failures=False, packages_skip_test_passed=False, packages_select=None, packages_skip=None, packages_select_regex=None, packages_skip_regex=None, packages_start=None, packages_end=None, allow_overriding=[], cmake_args=None, cmake_target=None, cmake_target_skip_unavailable=False, cmake_clean_cache=False, cmake_clean_first=False, cmake_force_configure=False, ament_cmake_args=None, catkin_cmake_args=None, catkin_skip_building_tests=False, verb_parser=<colcon_defaults.argument_parser.defaults.DefaultArgumentsDecorator object at 0x7fcb3ad92b00>, verb_extension=<colcon_core.verb.build.BuildVerb object at 0x7fcb3ad8ab90>, main=<bound method BuildVerb.main of <colcon_core.verb.build.BuildVerb object at 0x7fcb3ad8ab90>>)
[1.122s] Level 1:colcon.colcon_core.package_discovery:discover_packages(colcon_meta) check parameters
[1.123s] Level 1:colcon.colcon_core.package_discovery:discover_packages(recursive) check parameters
[1.123s] Level 1:colcon.colcon_core.package_discovery:discover_packages(ignore) check parameters
[1.123s] Level 1:colcon.colcon_core.package_discovery:discover_packages(path) check parameters
[1.123s] Level 1:colcon.colcon_core.package_discovery:discover_packages(colcon_meta) discover
[1.123s] Level 1:colcon.colcon_core.package_discovery:discover_packages(recursive) discover
[1.123s] INFO:colcon.colcon_core.package_discovery:Crawling recursively for packages in '/home/keenan/Documents/rice_device/ros2_ws'
[1.123s] Level 1:colcon.colcon_core.package_identification:_identify(.) by extensions ['ignore', 'ignore_ament_install']
[1.123s] Level 1:colcon.colcon_core.package_identification:_identify(.) by extension 'ignore'
[1.123s] Level 1:colcon.colcon_core.package_identification:_identify(.) by extension 'ignore_ament_install'
[1.123s] Level 1:colcon.colcon_core.package_identification:_identify(.) by extensions ['colcon_pkg']
[1.123s] Level 1:colcon.colcon_core.package_identification:_identify(.) by extension 'colcon_pkg'
[1.123s] Level 1:colcon.colcon_core.package_identification:_identify(.) by extensions ['colcon_meta']
[1.123s] Level 1:colcon.colcon_core.package_identification:_identify(.) by extension 'colcon_meta'
[1.123s] Level 1:colcon.colcon_core.package_identification:_identify(.) by extensions ['ros']
[1.123s] Level 1:colcon.colcon_core.package_identification:_identify(.) by extension 'ros'
[1.134s] Level 1:colcon.colcon_core.package_identification:_identify(.) by extensions ['cmake', 'python']
[1.135s] Level 1:colcon.colcon_core.package_identification:_identify(.) by extension 'cmake'
[1.135s] Level 1:colcon.colcon_core.package_identification:_identify(.) by extension 'python'
[1.135s] Level 1:colcon.colcon_core.package_identification:_identify(.) by extensions ['python_setup_py']
[1.135s] Level 1:colcon.colcon_core.package_identification:_identify(.) by extension 'python_setup_py'
[1.135s] Level 1:colcon.colcon_core.package_identification:_identify(build) by extensions ['ignore', 'ignore_ament_install']
[1.135s] Level 1:colcon.colcon_core.package_identification:_identify(build) by extension 'ignore'
[1.135s] Level 1:colcon.colcon_core.package_identification:_identify(build) ignored
[1.135s] Level 1:colcon.colcon_core.package_identification:_identify(install) by extensions ['ignore', 'ignore_ament_install']
[1.135s] Level 1:colcon.colcon_core.package_identification:_identify(install) by extension 'ignore'
[1.135s] Level 1:colcon.colcon_core.package_identification:_identify(install) ignored
[1.135s] Level 1:colcon.colcon_core.package_identification:_identify(log) by extensions ['ignore', 'ignore_ament_install']
[1.135s] Level 1:colcon.colcon_core.package_identification:_identify(log) by extension 'ignore'
[1.136s] Level 1:colcon.colcon_core.package_identification:_identify(log) ignored
[1.136s] Level 1:colcon.colcon_core.package_identification:_identify(src) by extensions ['ignore', 'ignore_ament_install']
[1.136s] Level 1:colcon.colcon_core.package_identification:_identify(src) by extension 'ignore'
[1.136s] Level 1:colcon.colcon_core.package_identification:_identify(src) by extension 'ignore_ament_install'
[1.136s] Level 1:colcon.colcon_core.package_identification:_identify(src) by extensions ['colcon_pkg']
[1.136s] Level 1:colcon.colcon_core.package_identification:_identify(src) by extension 'colcon_pkg'
[1.136s] Level 1:colcon.colcon_core.package_identification:_identify(src) by extensions ['colcon_meta']
[1.136s] Level 1:colcon.colcon_core.package_identification:_identify(src) by extension 'colcon_meta'
[1.136s] Level 1:colcon.colcon_core.package_identification:_identify(src) by extensions ['ros']
[1.136s] Level 1:colcon.colcon_core.package_identification:_identify(src) by extension 'ros'
[1.136s] Level 1:colcon.colcon_core.package_identification:_identify(src) by extensions ['cmake', 'python']
[1.136s] Level 1:colcon.colcon_core.package_identification:_identify(src) by extension 'cmake'
[1.136s] Level 1:colcon.colcon_core.package_identification:_identify(src) by extension 'python'
[1.136s] Level 1:colcon.colcon_core.package_identification:_identify(src) by extensions ['python_setup_py']
[1.136s] Level 1:colcon.colcon_core.package_identification:_identify(src) by extension 'python_setup_py'
[1.136s] Level 1:colcon.colcon_core.package_identification:_identify(src/bno055-0.3.0) by extensions ['ignore', 'ignore_ament_install']
[1.136s] Level 1:colcon.colcon_core.package_identification:_identify(src/bno055-0.3.0) by extension 'ignore'
[1.136s] Level 1:colcon.colcon_core.package_identification:_identify(src/bno055-0.3.0) by extension 'ignore_ament_install'
[1.137s] Level 1:colcon.colcon_core.package_identification:_identify(src/bno055-0.3.0) by extensions ['colcon_pkg']
[1.137s] Level 1:colcon.colcon_core.package_identification:_identify(src/bno055-0.3.0) by extension 'colcon_pkg'
[1.137s] Level 1:colcon.colcon_core.package_identification:_identify(src/bno055-0.3.0) by extensions ['colcon_meta']
[1.137s] Level 1:colcon.colcon_core.package_identification:_identify(src/bno055-0.3.0) by extension 'colcon_meta'
[1.137s] Level 1:colcon.colcon_core.package_identification:_identify(src/bno055-0.3.0) by extensions ['ros']
[1.137s] Level 1:colcon.colcon_core.package_identification:_identify(src/bno055-0.3.0) by extension 'ros'
[1.139s] DEBUG:colcon.colcon_core.package_identification:Package 'src/bno055-0.3.0' with type 'ros.ament_python' and name 'bno055'
[1.139s] Level 1:colcon.colcon_core.package_identification:_identify(src/euler_angle_extractor) by extensions ['ignore', 'ignore_ament_install']
[1.139s] Level 1:colcon.colcon_core.package_identification:_identify(src/euler_angle_extractor) by extension 'ignore'
[1.140s] Level 1:colcon.colcon_core.package_identification:_identify(src/euler_angle_extractor) by extension 'ignore_ament_install'
[1.140s] Level 1:colcon.colcon_core.package_identification:_identify(src/euler_angle_extractor) by extensions ['colcon_pkg']
[1.140s] Level 1:colcon.colcon_core.package_identification:_identify(src/euler_angle_extractor) by extension 'colcon_pkg'
[1.140s] Level 1:colcon.colcon_core.package_identification:_identify(src/euler_angle_extractor) by extensions ['colcon_meta']
[1.140s] Level 1:colcon.colcon_core.package_identification:_identify(src/euler_angle_extractor) by extension 'colcon_meta'
[1.140s] Level 1:colcon.colcon_core.package_identification:_identify(src/euler_angle_extractor) by extensions ['ros']
[1.140s] Level 1:colcon.colcon_core.package_identification:_identify(src/euler_angle_extractor) by extension 'ros'
[1.141s] DEBUG:colcon.colcon_core.package_identification:Package 'src/euler_angle_extractor' with type 'ros.ament_python' and name 'euler_angle_extractor'
[1.141s] Level 1:colcon.colcon_core.package_discovery:discover_packages(recursive) using defaults
[1.141s] Level 1:colcon.colcon_core.package_discovery:discover_packages(ignore) discover
[1.141s] Level 1:colcon.colcon_core.package_discovery:discover_packages(ignore) using defaults
[1.141s] Level 1:colcon.colcon_core.package_discovery:discover_packages(path) discover
[1.141s] Level 1:colcon.colcon_core.package_discovery:discover_packages(path) using defaults
[1.246s] Level 1:colcon.colcon_core.package_discovery:discover_packages(prefix_path) check parameters
[1.246s] Level 1:colcon.colcon_core.package_discovery:discover_packages(prefix_path) discover
[1.281s] DEBUG:colcon.colcon_installed_package_information.package_discovery:Found 2 installed packages in /home/keenan/Documents/rice_device/ros2_ws/install
[1.299s] DEBUG:colcon.colcon_installed_package_information.package_discovery:Found 272 installed packages in /opt/ros/humble
[1.300s] Level 1:colcon.colcon_core.package_discovery:discover_packages(prefix_path) using defaults
[1.406s] Level 5:colcon.colcon_core.verb:set package 'bno055' build argument 'cmake_args' from command line to 'None'
[1.406s] Level 5:colcon.colcon_core.verb:set package 'bno055' build argument 'cmake_target' from command line to 'None'
[1.406s] Level 5:colcon.colcon_core.verb:set package 'bno055' build argument 'cmake_target_skip_unavailable' from command line to 'False'
[1.406s] Level 5:colcon.colcon_core.verb:set package 'bno055' build argument 'cmake_clean_cache' from command line to 'False'
[1.406s] Level 5:colcon.colcon_core.verb:set package 'bno055' build argument 'cmake_clean_first' from command line to 'False'
[1.406s] Level 5:colcon.colcon_core.verb:set package 'bno055' build argument 'cmake_force_configure' from command line to 'False'
[1.406s] Level 5:colcon.colcon_core.verb:set package 'bno055' build argument 'ament_cmake_args' from command line to 'None'
[1.406s] Level 5:colcon.colcon_core.verb:set package 'bno055' build argument 'catkin_cmake_args' from command line to 'None'
[1.406s] Level 5:colcon.colcon_core.verb:set package 'bno055' build argument 'catkin_skip_building_tests' from command line to 'False'
[1.406s] DEBUG:colcon.colcon_core.verb:Building package 'bno055' with the following arguments: {'ament_cmake_args': None, 'build_base': '/home/keenan/Documents/rice_device/ros2_ws/build/bno055', 'catkin_cmake_args': None, 'catkin_skip_building_tests': False, 'cmake_args': None, 'cmake_clean_cache': False, 'cmake_clean_first': False, 'cmake_force_configure': False, 'cmake_target': None, 'cmake_target_skip_unavailable': False, 'install_base': '/home/keenan/Documents/rice_device/ros2_ws/install/bno055', 'merge_install': False, 'path': '/home/keenan/Documents/rice_device/ros2_ws/src/bno055-0.3.0', 'symlink_install': False, 'test_result_base': None}
[1.420s] Level 5:colcon.colcon_core.verb:set package 'euler_angle_extractor' build argument 'cmake_args' from command line to 'None'
[1.420s] Level 5:colcon.colcon_core.verb:set package 'euler_angle_extractor' build argument 'cmake_target' from command line to 'None'
[1.420s] Level 5:colcon.colcon_core.verb:set package 'euler_angle_extractor' build argument 'cmake_target_skip_unavailable' from command line to 'False'
[1.420s] Level 5:colcon.colcon_core.verb:set package 'euler_angle_extractor' build argument 'cmake_clean_cache' from command line to 'False'
[1.420s] Level 5:colcon.colcon_core.verb:set package 'euler_angle_extractor' build argument 'cmake_clean_first' from command line to 'False'
[1.420s] Level 5:colcon.colcon_core.verb:set package 'euler_angle_extractor' build argument 'cmake_force_configure' from command line to 'False'
[1.420s] Level 5:colcon.colcon_core.verb:set package 'euler_angle_extractor' build argument 'ament_cmake_args' from command line to 'None'
[1.420s] Level 5:colcon.colcon_core.verb:set package 'euler_angle_extractor' build argument 'catkin_cmake_args' from command line to 'None'
[1.420s] Level 5:colcon.colcon_core.verb:set package 'euler_angle_extractor' build argument 'catkin_skip_building_tests' from command line to 'False'
[1.420s] DEBUG:colcon.colcon_core.verb:Building package 'euler_angle_extractor' with the following arguments: {'ament_cmake_args': None, 'build_base': '/home/keenan/Documents/rice_device/ros2_ws/build/euler_angle_extractor', 'catkin_cmake_args': None, 'catkin_skip_building_tests': False, 'cmake_args': None, 'cmake_clean_cache': False, 'cmake_clean_first': False, 'cmake_force_configure': False, 'cmake_target': None, 'cmake_target_skip_unavailable': False, 'install_base': '/home/keenan/Documents/rice_device/ros2_ws/install/euler_angle_extractor', 'merge_install': False, 'path': '/home/keenan/Documents/rice_device/ros2_ws/src/euler_angle_extractor', 'symlink_install': False, 'test_result_base': None}
[1.438s] INFO:colcon.colcon_core.executor:Executing jobs using 'parallel' executor
[1.454s] DEBUG:colcon.colcon_parallel_executor.executor.parallel:run_until_complete
[1.454s] INFO:colcon.colcon_ros.task.ament_python.build:Building ROS package in '/home/keenan/Documents/rice_device/ros2_ws/src/bno055-0.3.0' with build type 'ament_python'
[1.455s] Level 1:colcon.colcon_core.shell:create_environment_hook('bno055', 'ament_prefix_path')
[1.473s] INFO:colcon.colcon_core.plugin_system:Skipping extension 'colcon_core.shell.bat': Not used on non-Windows systems
[1.473s] INFO:colcon.colcon_core.shell:Creating environment hook '/home/keenan/Documents/rice_device/ros2_ws/install/bno055/share/bno055/hook/ament_prefix_path.ps1'
[1.475s] INFO:colcon.colcon_core.shell:Creating environment descriptor '/home/keenan/Documents/rice_device/ros2_ws/install/bno055/share/bno055/hook/ament_prefix_path.dsv'
[1.476s] INFO:colcon.colcon_core.shell:Creating environment hook '/home/keenan/Documents/rice_device/ros2_ws/install/bno055/share/bno055/hook/ament_prefix_path.sh'
[1.494s] INFO:colcon.colcon_core.shell:Skip shell extension 'powershell' for command environment: Not usable outside of PowerShell
[1.494s] DEBUG:colcon.colcon_core.shell:Skip shell extension 'dsv' for command environment
[1.540s] INFO:colcon.colcon_ros.task.ament_python.build:Building ROS package in '/home/keenan/Documents/rice_device/ros2_ws/src/euler_angle_extractor' with build type 'ament_python'
[1.540s] Level 1:colcon.colcon_core.shell:create_environment_hook('euler_angle_extractor', 'ament_prefix_path')
[1.557s] INFO:colcon.colcon_core.shell:Creating environment hook '/home/keenan/Documents/rice_device/ros2_ws/install/euler_angle_extractor/share/euler_angle_extractor/hook/ament_prefix_path.ps1'
[1.558s] INFO:colcon.colcon_core.shell:Creating environment descriptor '/home/keenan/Documents/rice_device/ros2_ws/install/euler_angle_extractor/share/euler_angle_extractor/hook/ament_prefix_path.dsv'
[1.558s] INFO:colcon.colcon_core.shell:Creating environment hook '/home/keenan/Documents/rice_device/ros2_ws/install/euler_angle_extractor/share/euler_angle_extractor/hook/ament_prefix_path.sh'
[1.574s] INFO:colcon.colcon_core.shell:Skip shell extension 'powershell' for command environment: Not usable outside of PowerShell
[1.574s] DEBUG:colcon.colcon_core.shell:Skip shell extension 'dsv' for command environment
[1.936s] INFO:colcon.colcon_core.task.python.build:Building Python package in '/home/keenan/Documents/rice_device/ros2_ws/src/bno055-0.3.0'
[1.951s] INFO:colcon.colcon_core.shell:Skip shell extension 'powershell' for command environment: Not usable outside of PowerShell
[1.951s] DEBUG:colcon.colcon_core.shell:Skip shell extension 'dsv' for command environment
[2.275s] INFO:colcon.colcon_core.task.python.build:Building Python package in '/home/keenan/Documents/rice_device/ros2_ws/src/euler_angle_extractor'
[2.298s] INFO:colcon.colcon_core.shell:Skip shell extension 'powershell' for command environment: Not usable outside of PowerShell
[2.298s] DEBUG:colcon.colcon_core.shell:Skip shell extension 'dsv' for command environment
[2.810s] DEBUG:colcon.colcon_core.event_handler.log_command:Invoking command in '/home/keenan/Documents/rice_device/ros2_ws/src/bno055-0.3.0': PYTHONPATH=/home/keenan/Documents/rice_device/ros2_ws/build/bno055/prefix_override:/home/keenan/Documents/rice_device/ros2_ws/install/bno055/lib/python3.10/site-packages:${PYTHONPATH} /usr/bin/python3 setup.py egg_info --egg-base ../../build/bno055 build --build-base /home/keenan/Documents/rice_device/ros2_ws/build/bno055/build install --record /home/keenan/Documents/rice_device/ros2_ws/build/bno055/install.log --single-version-externally-managed
[2.815s] DEBUG:colcon.colcon_core.event_handler.log_command:Invoking command in '/home/keenan/Documents/rice_device/ros2_ws/src/euler_angle_extractor': PYTHONPATH=/home/keenan/Documents/rice_device/ros2_ws/build/euler_angle_extractor/prefix_override:/home/keenan/Documents/rice_device/ros2_ws/install/euler_angle_extractor/lib/python3.10/site-packages:${PYTHONPATH} /usr/bin/python3 setup.py egg_info --egg-base ../../build/euler_angle_extractor build --build-base /home/keenan/Documents/rice_device/ros2_ws/build/euler_angle_extractor/build install --record /home/keenan/Documents/rice_device/ros2_ws/build/euler_angle_extractor/install.log --single-version-externally-managed
[3.247s] DEBUG:colcon.colcon_core.event_handler.log_command:Invoked command in '/home/keenan/Documents/rice_device/ros2_ws/src/bno055-0.3.0' returned '0': PYTHONPATH=/home/keenan/Documents/rice_device/ros2_ws/build/bno055/prefix_override:/home/keenan/Documents/rice_device/ros2_ws/install/bno055/lib/python3.10/site-packages:${PYTHONPATH} /usr/bin/python3 setup.py egg_info --egg-base ../../build/bno055 build --build-base /home/keenan/Documents/rice_device/ros2_ws/build/bno055/build install --record /home/keenan/Documents/rice_device/ros2_ws/build/bno055/install.log --single-version-externally-managed
[3.268s] Level 1:colcon.colcon_core.environment:checking '/home/keenan/Documents/rice_device/ros2_ws/install/bno055' for CMake module files
[3.268s] Level 1:colcon.colcon_core.environment:checking '/home/keenan/Documents/rice_device/ros2_ws/install/bno055' for CMake config files
[3.269s] Level 1:colcon.colcon_core.environment:checking '/home/keenan/Documents/rice_device/ros2_ws/install/bno055/lib'
[3.269s] Level 1:colcon.colcon_core.environment:checking '/home/keenan/Documents/rice_device/ros2_ws/install/bno055/bin'
[3.269s] Level 1:colcon.colcon_core.environment:checking '/home/keenan/Documents/rice_device/ros2_ws/install/bno055/lib/pkgconfig/bno055.pc'
[3.270s] Level 1:colcon.colcon_core.environment:checking '/home/keenan/Documents/rice_device/ros2_ws/install/bno055/lib/python3.10/site-packages'
[3.270s] Level 1:colcon.colcon_core.shell:create_environment_hook('bno055', 'pythonpath')
[3.298s] INFO:colcon.colcon_core.shell:Creating environment hook '/home/keenan/Documents/rice_device/ros2_ws/install/bno055/share/bno055/hook/pythonpath.ps1'
[3.298s] INFO:colcon.colcon_core.shell:Creating environment descriptor '/home/keenan/Documents/rice_device/ros2_ws/install/bno055/share/bno055/hook/pythonpath.dsv'
[3.298s] INFO:colcon.colcon_core.shell:Creating environment hook '/home/keenan/Documents/rice_device/ros2_ws/install/bno055/share/bno055/hook/pythonpath.sh'
[3.299s] Level 1:colcon.colcon_core.environment:checking '/home/keenan/Documents/rice_device/ros2_ws/install/bno055/bin'
[3.299s] Level 1:colcon.colcon_core.environment:create_environment_scripts_only(bno055)
[3.314s] INFO:colcon.colcon_core.shell:Creating package script '/home/keenan/Documents/rice_device/ros2_ws/install/bno055/share/bno055/package.ps1'
[3.315s] INFO:colcon.colcon_core.shell:Creating package descriptor '/home/keenan/Documents/rice_device/ros2_ws/install/bno055/share/bno055/package.dsv'
[3.315s] INFO:colcon.colcon_core.shell:Creating package script '/home/keenan/Documents/rice_device/ros2_ws/install/bno055/share/bno055/package.sh'
[3.316s] INFO:colcon.colcon_core.shell:Creating package script '/home/keenan/Documents/rice_device/ros2_ws/install/bno055/share/bno055/package.bash'
[3.317s] INFO:colcon.colcon_core.shell:Creating package script '/home/keenan/Documents/rice_device/ros2_ws/install/bno055/share/bno055/package.zsh'
[3.318s] Level 1:colcon.colcon_core.environment:create_file_with_runtime_dependencies(/home/keenan/Documents/rice_device/ros2_ws/install/bno055/share/colcon-core/packages/bno055)
[3.320s] DEBUG:colcon.colcon_core.event_handler.log_command:Invoked command in '/home/keenan/Documents/rice_device/ros2_ws/src/euler_angle_extractor' returned '0': PYTHONPATH=/home/keenan/Documents/rice_device/ros2_ws/build/euler_angle_extractor/prefix_override:/home/keenan/Documents/rice_device/ros2_ws/install/euler_angle_extractor/lib/python3.10/site-packages:${PYTHONPATH} /usr/bin/python3 setup.py egg_info --egg-base ../../build/euler_angle_extractor build --build-base /home/keenan/Documents/rice_device/ros2_ws/build/euler_angle_extractor/build install --record /home/keenan/Documents/rice_device/ros2_ws/build/euler_angle_extractor/install.log --single-version-externally-managed
[3.335s] Level 1:colcon.colcon_core.environment:checking '/home/keenan/Documents/rice_device/ros2_ws/install/euler_angle_extractor' for CMake module files
[3.336s] Level 1:colcon.colcon_core.environment:checking '/home/keenan/Documents/rice_device/ros2_ws/install/euler_angle_extractor' for CMake config files
[3.337s] Level 1:colcon.colcon_core.environment:checking '/home/keenan/Documents/rice_device/ros2_ws/install/euler_angle_extractor/lib'
[3.337s] Level 1:colcon.colcon_core.environment:checking '/home/keenan/Documents/rice_device/ros2_ws/install/euler_angle_extractor/bin'
[3.337s] Level 1:colcon.colcon_core.environment:checking '/home/keenan/Documents/rice_device/ros2_ws/install/euler_angle_extractor/lib/pkgconfig/euler_angle_extractor.pc'
[3.337s] Level 1:colcon.colcon_core.environment:checking '/home/keenan/Documents/rice_device/ros2_ws/install/euler_angle_extractor/lib/python3.10/site-packages'
[3.337s] Level 1:colcon.colcon_core.shell:create_environment_hook('euler_angle_extractor', 'pythonpath')
[3.356s] INFO:colcon.colcon_core.shell:Creating environment hook '/home/keenan/Documents/rice_device/ros2_ws/install/euler_angle_extractor/share/euler_angle_extractor/hook/pythonpath.ps1'
[3.356s] INFO:colcon.colcon_core.shell:Creating environment descriptor '/home/keenan/Documents/rice_device/ros2_ws/install/euler_angle_extractor/share/euler_angle_extractor/hook/pythonpath.dsv'
[3.356s] INFO:colcon.colcon_core.shell:Creating environment hook '/home/keenan/Documents/rice_device/ros2_ws/install/euler_angle_extractor/share/euler_angle_extractor/hook/pythonpath.sh'
[3.357s] Level 1:colcon.colcon_core.environment:checking '/home/keenan/Documents/rice_device/ros2_ws/install/euler_angle_extractor/bin'
[3.357s] Level 1:colcon.colcon_core.environment:create_environment_scripts_only(euler_angle_extractor)
[3.372s] INFO:colcon.colcon_core.shell:Creating package script '/home/keenan/Documents/rice_device/ros2_ws/install/euler_angle_extractor/share/euler_angle_extractor/package.ps1'
[3.373s] INFO:colcon.colcon_core.shell:Creating package descriptor '/home/keenan/Documents/rice_device/ros2_ws/install/euler_angle_extractor/share/euler_angle_extractor/package.dsv'
[3.373s] INFO:colcon.colcon_core.shell:Creating package script '/home/keenan/Documents/rice_device/ros2_ws/install/euler_angle_extractor/share/euler_angle_extractor/package.sh'
[3.374s] INFO:colcon.colcon_core.shell:Creating package script '/home/keenan/Documents/rice_device/ros2_ws/install/euler_angle_extractor/share/euler_angle_extractor/package.bash'
[3.374s] INFO:colcon.colcon_core.shell:Creating package script '/home/keenan/Documents/rice_device/ros2_ws/install/euler_angle_extractor/share/euler_angle_extractor/package.zsh'
[3.374s] Level 1:colcon.colcon_core.environment:create_file_with_runtime_dependencies(/home/keenan/Documents/rice_device/ros2_ws/install/euler_angle_extractor/share/colcon-core/packages/euler_angle_extractor)
[3.375s] DEBUG:colcon.colcon_parallel_executor.executor.parallel:closing loop
[3.375s] DEBUG:colcon.colcon_parallel_executor.executor.parallel:loop closed
[3.375s] DEBUG:colcon.colcon_parallel_executor.executor.parallel:run_until_complete finished with '0'
[3.375s] DEBUG:colcon.colcon_core.event_reactor:joining thread
[3.399s] INFO:colcon.colcon_core.plugin_system:Skipping extension 'colcon_notification.desktop_notification.terminal_notifier': Not used on non-Darwin systems
[3.399s] INFO:colcon.colcon_core.plugin_system:Skipping extension 'colcon_notification.desktop_notification.win32': Not used on non-Windows systems
[3.400s] INFO:colcon.colcon_notification.desktop_notification:Sending desktop notification using 'notify2'
[3.411s] DEBUG:colcon.colcon_core.event_reactor:joined thread
[3.434s] INFO:colcon.colcon_core.shell:Creating prefix script '/home/keenan/Documents/rice_device/ros2_ws/install/local_setup.ps1'
[3.435s] INFO:colcon.colcon_core.shell:Creating prefix util module '/home/keenan/Documents/rice_device/ros2_ws/install/_local_setup_util_ps1.py'
[3.438s] INFO:colcon.colcon_core.shell:Creating prefix chain script '/home/keenan/Documents/rice_device/ros2_ws/install/setup.ps1'
[3.457s] INFO:colcon.colcon_core.shell:Creating prefix script '/home/keenan/Documents/rice_device/ros2_ws/install/local_setup.sh'
[3.458s] INFO:colcon.colcon_core.shell:Creating prefix util module '/home/keenan/Documents/rice_device/ros2_ws/install/_local_setup_util_sh.py'
[3.458s] INFO:colcon.colcon_core.shell:Creating prefix chain script '/home/keenan/Documents/rice_device/ros2_ws/install/setup.sh'
[3.476s] INFO:colcon.colcon_core.shell:Creating prefix script '/home/keenan/Documents/rice_device/ros2_ws/install/local_setup.bash'
[3.477s] INFO:colcon.colcon_core.shell:Creating prefix chain script '/home/keenan/Documents/rice_device/ros2_ws/install/setup.bash'
[3.492s] INFO:colcon.colcon_core.shell:Creating prefix script '/home/keenan/Documents/rice_device/ros2_ws/install/local_setup.zsh'
[3.493s] INFO:colcon.colcon_core.shell:Creating prefix chain script '/home/keenan/Documents/rice_device/ros2_ws/install/setup.zsh'
